[2023-03-21T06:05:20.253+0000] {taskinstance.py:1084} INFO - Dependencies all met for dep_context=non-requeueable deps ti=<TaskInstance: dag_with_cron_expression_v03.task1 scheduled__2023-03-20T00:00:00+00:00 [queued]>
[2023-03-21T06:05:20.269+0000] {taskinstance.py:1084} INFO - Dependencies all met for dep_context=requeueable deps ti=<TaskInstance: dag_with_cron_expression_v03.task1 scheduled__2023-03-20T00:00:00+00:00 [queued]>
[2023-03-21T06:05:20.270+0000] {taskinstance.py:1282} INFO - 
--------------------------------------------------------------------------------
[2023-03-21T06:05:20.271+0000] {taskinstance.py:1283} INFO - Starting attempt 1 of 6
[2023-03-21T06:05:20.271+0000] {taskinstance.py:1284} INFO - 
--------------------------------------------------------------------------------
[2023-03-21T06:05:20.300+0000] {taskinstance.py:1303} INFO - Executing <Task(BashOperator): task1> on 2023-03-20 00:00:00+00:00
[2023-03-21T06:05:20.304+0000] {standard_task_runner.py:55} INFO - Started process 218 to run task
[2023-03-21T06:05:20.309+0000] {standard_task_runner.py:82} INFO - Running: ['***', 'tasks', 'run', 'dag_with_cron_expression_v03', 'task1', 'scheduled__2023-03-20T00:00:00+00:00', '--job-id', '243', '--raw', '--subdir', 'DAGS_FOLDER/dag_with_cron_expression.py', '--cfg-path', '/tmp/tmpl4mc6vza']
[2023-03-21T06:05:20.312+0000] {standard_task_runner.py:83} INFO - Job 243: Subtask task1
[2023-03-21T06:05:20.408+0000] {task_command.py:388} INFO - Running <TaskInstance: dag_with_cron_expression_v03.task1 scheduled__2023-03-20T00:00:00+00:00 [running]> on host cfacfd39f993
[2023-03-21T06:05:20.522+0000] {taskinstance.py:1511} INFO - Exporting the following env vars:
AIRFLOW_CTX_DAG_OWNER=Phi Nguyen
AIRFLOW_CTX_DAG_ID=dag_with_cron_expression_v03
AIRFLOW_CTX_TASK_ID=task1
AIRFLOW_CTX_EXECUTION_DATE=2023-03-20T00:00:00+00:00
AIRFLOW_CTX_TRY_NUMBER=1
AIRFLOW_CTX_DAG_RUN_ID=scheduled__2023-03-20T00:00:00+00:00
[2023-03-21T06:05:20.523+0000] {subprocess.py:63} INFO - Tmp dir root location: 
 /tmp
[2023-03-21T06:05:20.525+0000] {subprocess.py:75} INFO - Running command: ['/bin/bash', '-c', 'echo This is dag with cron expression!']
[2023-03-21T06:05:20.535+0000] {subprocess.py:86} INFO - Output:
[2023-03-21T06:05:20.537+0000] {subprocess.py:93} INFO - This is dag with cron expression!
[2023-03-21T06:05:20.538+0000] {subprocess.py:97} INFO - Command exited with return code 0
[2023-03-21T06:05:20.582+0000] {taskinstance.py:1326} INFO - Marking task as SUCCESS. dag_id=dag_with_cron_expression_v03, task_id=task1, execution_date=20230320T000000, start_date=20230321T060520, end_date=20230321T060520
[2023-03-21T06:05:20.641+0000] {local_task_job.py:212} INFO - Task exited with return code 0
[2023-03-21T06:05:20.662+0000] {taskinstance.py:2585} INFO - 0 downstream tasks scheduled from follow-on schedule check
