[2023-03-18T09:02:04.943+0000] {taskinstance.py:1084} INFO - Dependencies all met for dep_context=non-requeueable deps ti=<TaskInstance: dag_with_python_operator_v9.get_age scheduled__2023-03-17T00:00:00+00:00 [queued]>
[2023-03-18T09:02:04.986+0000] {taskinstance.py:1084} INFO - Dependencies all met for dep_context=requeueable deps ti=<TaskInstance: dag_with_python_operator_v9.get_age scheduled__2023-03-17T00:00:00+00:00 [queued]>
[2023-03-18T09:02:04.987+0000] {taskinstance.py:1282} INFO - 
--------------------------------------------------------------------------------
[2023-03-18T09:02:04.988+0000] {taskinstance.py:1283} INFO - Starting attempt 1 of 6
[2023-03-18T09:02:04.989+0000] {taskinstance.py:1284} INFO - 
--------------------------------------------------------------------------------
[2023-03-18T09:02:05.188+0000] {taskinstance.py:1303} INFO - Executing <Task(PythonOperator): get_age> on 2023-03-17 00:00:00+00:00
[2023-03-18T09:02:05.215+0000] {standard_task_runner.py:55} INFO - Started process 1328 to run task
[2023-03-18T09:02:05.249+0000] {standard_task_runner.py:82} INFO - Running: ['***', 'tasks', 'run', 'dag_with_python_operator_v9', 'get_age', 'scheduled__2023-03-17T00:00:00+00:00', '--job-id', '117', '--raw', '--subdir', 'DAGS_FOLDER/python_operator.py', '--cfg-path', '/tmp/tmpm_o2bwyw']
[2023-03-18T09:02:05.273+0000] {standard_task_runner.py:83} INFO - Job 117: Subtask get_age
[2023-03-18T09:02:05.484+0000] {task_command.py:388} INFO - Running <TaskInstance: dag_with_python_operator_v9.get_age scheduled__2023-03-17T00:00:00+00:00 [running]> on host d7f3adf06701
[2023-03-18T09:02:05.817+0000] {taskinstance.py:1511} INFO - Exporting the following env vars:
AIRFLOW_CTX_DAG_OWNER=Mr.Phi
AIRFLOW_CTX_DAG_ID=dag_with_python_operator_v9
AIRFLOW_CTX_TASK_ID=get_age
AIRFLOW_CTX_EXECUTION_DATE=2023-03-17T00:00:00+00:00
AIRFLOW_CTX_TRY_NUMBER=1
AIRFLOW_CTX_DAG_RUN_ID=scheduled__2023-03-17T00:00:00+00:00
[2023-03-18T09:02:05.854+0000] {python.py:177} INFO - Done. Returned value was: None
[2023-03-18T09:02:05.874+0000] {taskinstance.py:1326} INFO - Marking task as SUCCESS. dag_id=dag_with_python_operator_v9, task_id=get_age, execution_date=20230317T000000, start_date=20230318T090204, end_date=20230318T090205
[2023-03-18T09:02:05.944+0000] {local_task_job.py:212} INFO - Task exited with return code 0
[2023-03-18T09:02:05.980+0000] {taskinstance.py:2585} INFO - 0 downstream tasks scheduled from follow-on schedule check
