[2023-03-16T11:52:16.370+0000] {taskinstance.py:1084} INFO - Dependencies all met for dep_context=non-requeueable deps ti=<TaskInstance: dag_with_cron_expression_v02.task1 scheduled__2023-03-13T00:00:00+00:00 [queued]>
[2023-03-16T11:52:16.394+0000] {taskinstance.py:1084} INFO - Dependencies all met for dep_context=requeueable deps ti=<TaskInstance: dag_with_cron_expression_v02.task1 scheduled__2023-03-13T00:00:00+00:00 [queued]>
[2023-03-16T11:52:16.394+0000] {taskinstance.py:1282} INFO - 
--------------------------------------------------------------------------------
[2023-03-16T11:52:16.395+0000] {taskinstance.py:1283} INFO - Starting attempt 1 of 6
[2023-03-16T11:52:16.396+0000] {taskinstance.py:1284} INFO - 
--------------------------------------------------------------------------------
[2023-03-16T11:52:16.438+0000] {taskinstance.py:1303} INFO - Executing <Task(BashOperator): task1> on 2023-03-13 00:00:00+00:00
[2023-03-16T11:52:16.442+0000] {standard_task_runner.py:55} INFO - Started process 1823 to run task
[2023-03-16T11:52:16.448+0000] {standard_task_runner.py:82} INFO - Running: ['***', 'tasks', 'run', 'dag_with_cron_expression_v02', 'task1', 'scheduled__2023-03-13T00:00:00+00:00', '--job-id', '73', '--raw', '--subdir', 'DAGS_FOLDER/dag_with_cron_expression.py', '--cfg-path', '/tmp/tmp69eejmc7']
[2023-03-16T11:52:16.451+0000] {standard_task_runner.py:83} INFO - Job 73: Subtask task1
[2023-03-16T11:52:16.574+0000] {task_command.py:388} INFO - Running <TaskInstance: dag_with_cron_expression_v02.task1 scheduled__2023-03-13T00:00:00+00:00 [running]> on host d72d518b6bfe
[2023-03-16T11:52:16.684+0000] {taskinstance.py:1511} INFO - Exporting the following env vars:
AIRFLOW_CTX_DAG_OWNER=Phi Nguyen
AIRFLOW_CTX_DAG_ID=dag_with_cron_expression_v02
AIRFLOW_CTX_TASK_ID=task1
AIRFLOW_CTX_EXECUTION_DATE=2023-03-13T00:00:00+00:00
AIRFLOW_CTX_TRY_NUMBER=1
AIRFLOW_CTX_DAG_RUN_ID=scheduled__2023-03-13T00:00:00+00:00
[2023-03-16T11:52:16.685+0000] {subprocess.py:63} INFO - Tmp dir root location: 
 /tmp
[2023-03-16T11:52:16.686+0000] {subprocess.py:75} INFO - Running command: ['/bin/bash', '-c', 'echo This is dag with cron expression!']
[2023-03-16T11:52:16.696+0000] {subprocess.py:86} INFO - Output:
[2023-03-16T11:52:16.698+0000] {subprocess.py:93} INFO - This is dag with cron expression!
[2023-03-16T11:52:16.698+0000] {subprocess.py:97} INFO - Command exited with return code 0
[2023-03-16T11:52:16.733+0000] {taskinstance.py:1326} INFO - Marking task as SUCCESS. dag_id=dag_with_cron_expression_v02, task_id=task1, execution_date=20230313T000000, start_date=20230316T115216, end_date=20230316T115216
[2023-03-16T11:52:16.780+0000] {local_task_job.py:212} INFO - Task exited with return code 0
[2023-03-16T11:52:16.800+0000] {taskinstance.py:2585} INFO - 0 downstream tasks scheduled from follow-on schedule check
