[2023-03-20T09:02:49.812+0000] {taskinstance.py:1084} INFO - Dependencies all met for dep_context=non-requeueable deps ti=<TaskInstance: dag_with_python_operator_v11.greet scheduled__2023-03-19T00:00:00+00:00 [queued]>
[2023-03-20T09:02:49.836+0000] {taskinstance.py:1084} INFO - Dependencies all met for dep_context=requeueable deps ti=<TaskInstance: dag_with_python_operator_v11.greet scheduled__2023-03-19T00:00:00+00:00 [queued]>
[2023-03-20T09:02:49.837+0000] {taskinstance.py:1282} INFO - 
--------------------------------------------------------------------------------
[2023-03-20T09:02:49.838+0000] {taskinstance.py:1283} INFO - Starting attempt 1 of 6
[2023-03-20T09:02:49.839+0000] {taskinstance.py:1284} INFO - 
--------------------------------------------------------------------------------
[2023-03-20T09:02:49.878+0000] {taskinstance.py:1303} INFO - Executing <Task(PythonOperator): greet> on 2023-03-19 00:00:00+00:00
[2023-03-20T09:02:49.885+0000] {standard_task_runner.py:55} INFO - Started process 207 to run task
[2023-03-20T09:02:49.897+0000] {standard_task_runner.py:82} INFO - Running: ['***', 'tasks', 'run', 'dag_with_python_operator_v11', 'greet', 'scheduled__2023-03-19T00:00:00+00:00', '--job-id', '159', '--raw', '--subdir', 'DAGS_FOLDER/python_operator.py', '--cfg-path', '/tmp/tmp7nmkz5n1']
[2023-03-20T09:02:49.903+0000] {standard_task_runner.py:83} INFO - Job 159: Subtask greet
[2023-03-20T09:02:50.102+0000] {task_command.py:388} INFO - Running <TaskInstance: dag_with_python_operator_v11.greet scheduled__2023-03-19T00:00:00+00:00 [running]> on host 0f9e9c2061ea
[2023-03-20T09:02:50.257+0000] {taskinstance.py:1511} INFO - Exporting the following env vars:
AIRFLOW_CTX_DAG_OWNER=Mr.Phi
AIRFLOW_CTX_DAG_ID=dag_with_python_operator_v11
AIRFLOW_CTX_TASK_ID=greet
AIRFLOW_CTX_EXECUTION_DATE=2023-03-19T00:00:00+00:00
AIRFLOW_CTX_TRY_NUMBER=1
AIRFLOW_CTX_DAG_RUN_ID=scheduled__2023-03-19T00:00:00+00:00
[2023-03-20T09:02:50.305+0000] {logging_mixin.py:137} INFO - Hello World! My name is None None, and I am 19
[2023-03-20T09:02:50.306+0000] {python.py:177} INFO - Done. Returned value was: None
[2023-03-20T09:02:50.329+0000] {taskinstance.py:1326} INFO - Marking task as SUCCESS. dag_id=dag_with_python_operator_v11, task_id=greet, execution_date=20230319T000000, start_date=20230320T090249, end_date=20230320T090250
[2023-03-20T09:02:50.389+0000] {local_task_job.py:212} INFO - Task exited with return code 0
[2023-03-20T09:02:50.443+0000] {taskinstance.py:2585} INFO - 0 downstream tasks scheduled from follow-on schedule check
