[2023-03-18T08:41:41.747+0000] {taskinstance.py:1084} INFO - Dependencies all met for dep_context=non-requeueable deps ti=<TaskInstance: dag_with_taskflow_api_v01.greet scheduled__2023-03-17T00:00:00+00:00 [queued]>
[2023-03-18T08:41:41.770+0000] {taskinstance.py:1084} INFO - Dependencies all met for dep_context=requeueable deps ti=<TaskInstance: dag_with_taskflow_api_v01.greet scheduled__2023-03-17T00:00:00+00:00 [queued]>
[2023-03-18T08:41:41.770+0000] {taskinstance.py:1282} INFO - 
--------------------------------------------------------------------------------
[2023-03-18T08:41:41.771+0000] {taskinstance.py:1283} INFO - Starting attempt 1 of 6
[2023-03-18T08:41:41.772+0000] {taskinstance.py:1284} INFO - 
--------------------------------------------------------------------------------
[2023-03-18T08:41:41.811+0000] {taskinstance.py:1303} INFO - Executing <Task(_PythonDecoratedOperator): greet> on 2023-03-17 00:00:00+00:00
[2023-03-18T08:41:41.817+0000] {standard_task_runner.py:55} INFO - Started process 231 to run task
[2023-03-18T08:41:41.823+0000] {standard_task_runner.py:82} INFO - Running: ['***', 'tasks', 'run', 'dag_with_taskflow_api_v01', 'greet', 'scheduled__2023-03-17T00:00:00+00:00', '--job-id', '99', '--raw', '--subdir', 'DAGS_FOLDER/taskflow_api.py', '--cfg-path', '/tmp/tmp4794b0xy']
[2023-03-18T08:41:41.826+0000] {standard_task_runner.py:83} INFO - Job 99: Subtask greet
[2023-03-18T08:41:41.958+0000] {task_command.py:388} INFO - Running <TaskInstance: dag_with_taskflow_api_v01.greet scheduled__2023-03-17T00:00:00+00:00 [running]> on host 64c1aaaef559
[2023-03-18T08:41:42.130+0000] {taskinstance.py:1511} INFO - Exporting the following env vars:
AIRFLOW_CTX_DAG_OWNER=Phi_Nguyen
AIRFLOW_CTX_DAG_ID=dag_with_taskflow_api_v01
AIRFLOW_CTX_TASK_ID=greet
AIRFLOW_CTX_EXECUTION_DATE=2023-03-17T00:00:00+00:00
AIRFLOW_CTX_TRY_NUMBER=1
AIRFLOW_CTX_DAG_RUN_ID=scheduled__2023-03-17T00:00:00+00:00
[2023-03-18T08:41:42.131+0000] {logging_mixin.py:137} INFO - Hello this is Jerry and i am 19
[2023-03-18T08:41:42.132+0000] {python.py:177} INFO - Done. Returned value was: None
[2023-03-18T08:41:42.149+0000] {taskinstance.py:1326} INFO - Marking task as SUCCESS. dag_id=dag_with_taskflow_api_v01, task_id=greet, execution_date=20230317T000000, start_date=20230318T084141, end_date=20230318T084142
[2023-03-18T08:41:42.195+0000] {local_task_job.py:212} INFO - Task exited with return code 0
[2023-03-18T08:41:42.222+0000] {taskinstance.py:2585} INFO - 0 downstream tasks scheduled from follow-on schedule check
