[2023-03-16T11:40:13.136+0000] {taskinstance.py:1084} INFO - Dependencies all met for dep_context=non-requeueable deps ti=<TaskInstance: dag_with_catchup_and_backfill_v02.task1 backfill__2023-03-11T00:00:00+00:00 [queued]>
[2023-03-16T11:40:13.150+0000] {taskinstance.py:1084} INFO - Dependencies all met for dep_context=requeueable deps ti=<TaskInstance: dag_with_catchup_and_backfill_v02.task1 backfill__2023-03-11T00:00:00+00:00 [queued]>
[2023-03-16T11:40:13.151+0000] {taskinstance.py:1282} INFO - 
--------------------------------------------------------------------------------
[2023-03-16T11:40:13.152+0000] {taskinstance.py:1283} INFO - Starting attempt 1 of 6
[2023-03-16T11:40:13.152+0000] {taskinstance.py:1284} INFO - 
--------------------------------------------------------------------------------
[2023-03-16T11:40:13.174+0000] {taskinstance.py:1303} INFO - Executing <Task(BashOperator): task1> on 2023-03-11 00:00:00+00:00
[2023-03-16T11:40:13.179+0000] {standard_task_runner.py:55} INFO - Started process 1093 to run task
[2023-03-16T11:40:13.182+0000] {standard_task_runner.py:82} INFO - Running: ['***', 'tasks', 'run', 'dag_with_catchup_and_backfill_v02', 'task1', 'backfill__2023-03-11T00:00:00+00:00', '--job-id', '67', '--pool', 'default_pool', '--raw', '--subdir', 'DAGS_FOLDER/dag_with_catchup_and_backfill.py', '--cfg-path', '/tmp/tmpcx93voh_']
[2023-03-16T11:40:13.184+0000] {standard_task_runner.py:83} INFO - Job 67: Subtask task1
[2023-03-16T11:40:13.264+0000] {task_command.py:388} INFO - Running <TaskInstance: dag_with_catchup_and_backfill_v02.task1 backfill__2023-03-11T00:00:00+00:00 [running]> on host d72d518b6bfe
[2023-03-16T11:40:13.360+0000] {taskinstance.py:1511} INFO - Exporting the following env vars:
AIRFLOW_CTX_DAG_OWNER=Phi Nguyen
AIRFLOW_CTX_DAG_ID=dag_with_catchup_and_backfill_v02
AIRFLOW_CTX_TASK_ID=task1
AIRFLOW_CTX_EXECUTION_DATE=2023-03-11T00:00:00+00:00
AIRFLOW_CTX_TRY_NUMBER=1
AIRFLOW_CTX_DAG_RUN_ID=backfill__2023-03-11T00:00:00+00:00
[2023-03-16T11:40:13.361+0000] {subprocess.py:63} INFO - Tmp dir root location: 
 /tmp
[2023-03-16T11:40:13.362+0000] {subprocess.py:75} INFO - Running command: ['/bin/bash', '-c', 'echo This is a simple bash command!']
[2023-03-16T11:40:13.373+0000] {subprocess.py:86} INFO - Output:
[2023-03-16T11:40:13.374+0000] {subprocess.py:93} INFO - This is a simple bash command!
[2023-03-16T11:40:13.375+0000] {subprocess.py:97} INFO - Command exited with return code 0
[2023-03-16T11:40:13.406+0000] {taskinstance.py:1326} INFO - Marking task as SUCCESS. dag_id=dag_with_catchup_and_backfill_v02, task_id=task1, execution_date=20230311T000000, start_date=20230316T114013, end_date=20230316T114013
[2023-03-16T11:40:13.435+0000] {local_task_job.py:212} INFO - Task exited with return code 0
[2023-03-16T11:40:13.460+0000] {taskinstance.py:2585} INFO - 0 downstream tasks scheduled from follow-on schedule check
