[2023-03-16T10:11:21.385+0000] {taskinstance.py:1084} INFO - Dependencies all met for dep_context=non-requeueable deps ti=<TaskInstance: dag_with_taskflow_api_v01.greet scheduled__2023-03-15T00:00:00+00:00 [queued]>
[2023-03-16T10:11:21.397+0000] {taskinstance.py:1084} INFO - Dependencies all met for dep_context=requeueable deps ti=<TaskInstance: dag_with_taskflow_api_v01.greet scheduled__2023-03-15T00:00:00+00:00 [queued]>
[2023-03-16T10:11:21.398+0000] {taskinstance.py:1282} INFO - 
--------------------------------------------------------------------------------
[2023-03-16T10:11:21.399+0000] {taskinstance.py:1283} INFO - Starting attempt 1 of 6
[2023-03-16T10:11:21.399+0000] {taskinstance.py:1284} INFO - 
--------------------------------------------------------------------------------
[2023-03-16T10:11:21.419+0000] {taskinstance.py:1303} INFO - Executing <Task(_PythonDecoratedOperator): greet> on 2023-03-15 00:00:00+00:00
[2023-03-16T10:11:21.424+0000] {standard_task_runner.py:55} INFO - Started process 2375 to run task
[2023-03-16T10:11:21.428+0000] {standard_task_runner.py:82} INFO - Running: ['***', 'tasks', 'run', 'dag_with_taskflow_api_v01', 'greet', 'scheduled__2023-03-15T00:00:00+00:00', '--job-id', '52', '--raw', '--subdir', 'DAGS_FOLDER/taskflow_api.py', '--cfg-path', '/tmp/tmp6_jqdppd']
[2023-03-16T10:11:21.431+0000] {standard_task_runner.py:83} INFO - Job 52: Subtask greet
[2023-03-16T10:11:21.565+0000] {task_command.py:388} INFO - Running <TaskInstance: dag_with_taskflow_api_v01.greet scheduled__2023-03-15T00:00:00+00:00 [running]> on host c3799dfdd69d
[2023-03-16T10:11:21.721+0000] {taskinstance.py:1511} INFO - Exporting the following env vars:
AIRFLOW_CTX_DAG_OWNER=Phi_Nguyen
AIRFLOW_CTX_DAG_ID=dag_with_taskflow_api_v01
AIRFLOW_CTX_TASK_ID=greet
AIRFLOW_CTX_EXECUTION_DATE=2023-03-15T00:00:00+00:00
AIRFLOW_CTX_TRY_NUMBER=1
AIRFLOW_CTX_DAG_RUN_ID=scheduled__2023-03-15T00:00:00+00:00
[2023-03-16T10:11:21.722+0000] {logging_mixin.py:137} INFO - Hello this is Jerry and i am 19
[2023-03-16T10:11:21.722+0000] {python.py:177} INFO - Done. Returned value was: None
[2023-03-16T10:11:21.733+0000] {taskinstance.py:1326} INFO - Marking task as SUCCESS. dag_id=dag_with_taskflow_api_v01, task_id=greet, execution_date=20230315T000000, start_date=20230316T101121, end_date=20230316T101121
[2023-03-16T10:11:21.761+0000] {local_task_job.py:212} INFO - Task exited with return code 0
[2023-03-16T10:11:21.779+0000] {taskinstance.py:2585} INFO - 0 downstream tasks scheduled from follow-on schedule check
