[2023-03-16T09:53:42.188+0000] {taskinstance.py:1084} INFO - Dependencies all met for dep_context=non-requeueable deps ti=<TaskInstance: dag_with_python_operator_v6.get_age scheduled__2023-03-15T00:00:00+00:00 [queued]>
[2023-03-16T09:53:42.204+0000] {taskinstance.py:1084} INFO - Dependencies all met for dep_context=requeueable deps ti=<TaskInstance: dag_with_python_operator_v6.get_age scheduled__2023-03-15T00:00:00+00:00 [queued]>
[2023-03-16T09:53:42.205+0000] {taskinstance.py:1282} INFO - 
--------------------------------------------------------------------------------
[2023-03-16T09:53:42.206+0000] {taskinstance.py:1283} INFO - Starting attempt 1 of 6
[2023-03-16T09:53:42.206+0000] {taskinstance.py:1284} INFO - 
--------------------------------------------------------------------------------
[2023-03-16T09:53:42.231+0000] {taskinstance.py:1303} INFO - Executing <Task(PythonOperator): get_age> on 2023-03-15 00:00:00+00:00
[2023-03-16T09:53:42.237+0000] {standard_task_runner.py:55} INFO - Started process 1722 to run task
[2023-03-16T09:53:42.248+0000] {standard_task_runner.py:82} INFO - Running: ['***', 'tasks', 'run', 'dag_with_python_operator_v6', 'get_age', 'scheduled__2023-03-15T00:00:00+00:00', '--job-id', '36', '--raw', '--subdir', 'DAGS_FOLDER/python_operator.py', '--cfg-path', '/tmp/tmpw69152wz']
[2023-03-16T09:53:42.254+0000] {standard_task_runner.py:83} INFO - Job 36: Subtask get_age
[2023-03-16T09:53:42.390+0000] {task_command.py:388} INFO - Running <TaskInstance: dag_with_python_operator_v6.get_age scheduled__2023-03-15T00:00:00+00:00 [running]> on host c3799dfdd69d
[2023-03-16T09:53:42.494+0000] {taskinstance.py:1511} INFO - Exporting the following env vars:
AIRFLOW_CTX_DAG_OWNER=Mr.Phi
AIRFLOW_CTX_DAG_ID=dag_with_python_operator_v6
AIRFLOW_CTX_TASK_ID=get_age
AIRFLOW_CTX_EXECUTION_DATE=2023-03-15T00:00:00+00:00
AIRFLOW_CTX_TRY_NUMBER=1
AIRFLOW_CTX_DAG_RUN_ID=scheduled__2023-03-15T00:00:00+00:00
[2023-03-16T09:53:42.508+0000] {python.py:177} INFO - Done. Returned value was: None
[2023-03-16T09:53:42.521+0000] {taskinstance.py:1326} INFO - Marking task as SUCCESS. dag_id=dag_with_python_operator_v6, task_id=get_age, execution_date=20230315T000000, start_date=20230316T095342, end_date=20230316T095342
[2023-03-16T09:53:42.576+0000] {local_task_job.py:212} INFO - Task exited with return code 0
[2023-03-16T09:53:42.598+0000] {taskinstance.py:2585} INFO - 0 downstream tasks scheduled from follow-on schedule check
