[2023-03-15T15:44:23.103+0000] {taskinstance.py:1084} INFO - Dependencies all met for dep_context=non-requeueable deps ti=<TaskInstance: dag_with_python_operator_v1.greet scheduled__2023-03-14T00:00:00+00:00 [queued]>
[2023-03-15T15:44:23.113+0000] {taskinstance.py:1084} INFO - Dependencies all met for dep_context=requeueable deps ti=<TaskInstance: dag_with_python_operator_v1.greet scheduled__2023-03-14T00:00:00+00:00 [queued]>
[2023-03-15T15:44:23.114+0000] {taskinstance.py:1282} INFO - 
--------------------------------------------------------------------------------
[2023-03-15T15:44:23.114+0000] {taskinstance.py:1283} INFO - Starting attempt 1 of 6
[2023-03-15T15:44:23.115+0000] {taskinstance.py:1284} INFO - 
--------------------------------------------------------------------------------
[2023-03-15T15:44:23.130+0000] {taskinstance.py:1303} INFO - Executing <Task(PythonOperator): greet> on 2023-03-14 00:00:00+00:00
[2023-03-15T15:44:23.134+0000] {standard_task_runner.py:55} INFO - Started process 2730 to run task
[2023-03-15T15:44:23.136+0000] {standard_task_runner.py:82} INFO - Running: ['***', 'tasks', 'run', 'dag_with_python_operator_v1', 'greet', 'scheduled__2023-03-14T00:00:00+00:00', '--job-id', '9', '--raw', '--subdir', 'DAGS_FOLDER/python_operator.py', '--cfg-path', '/tmp/tmptcyyr975']
[2023-03-15T15:44:23.138+0000] {standard_task_runner.py:83} INFO - Job 9: Subtask greet
[2023-03-15T15:44:23.201+0000] {task_command.py:388} INFO - Running <TaskInstance: dag_with_python_operator_v1.greet scheduled__2023-03-14T00:00:00+00:00 [running]> on host 37030803e983
[2023-03-15T15:44:23.273+0000] {taskinstance.py:1511} INFO - Exporting the following env vars:
AIRFLOW_CTX_DAG_OWNER=Mr.Phi
AIRFLOW_CTX_DAG_ID=dag_with_python_operator_v1
AIRFLOW_CTX_TASK_ID=greet
AIRFLOW_CTX_EXECUTION_DATE=2023-03-14T00:00:00+00:00
AIRFLOW_CTX_TRY_NUMBER=1
AIRFLOW_CTX_DAG_RUN_ID=scheduled__2023-03-14T00:00:00+00:00
[2023-03-15T15:44:23.274+0000] {logging_mixin.py:137} INFO - Hello World!
[2023-03-15T15:44:23.275+0000] {python.py:177} INFO - Done. Returned value was: None
[2023-03-15T15:44:23.284+0000] {taskinstance.py:1326} INFO - Marking task as SUCCESS. dag_id=dag_with_python_operator_v1, task_id=greet, execution_date=20230314T000000, start_date=20230315T154423, end_date=20230315T154423
[2023-03-15T15:44:23.308+0000] {local_task_job.py:212} INFO - Task exited with return code 0
[2023-03-15T15:44:23.326+0000] {taskinstance.py:2585} INFO - 0 downstream tasks scheduled from follow-on schedule check
