[2023-03-18T08:41:40.480+0000] {taskinstance.py:1084} INFO - Dependencies all met for dep_context=non-requeueable deps ti=<TaskInstance: dag_with_cron_expression_v03.task1 scheduled__2023-03-17T00:00:00+00:00 [queued]>
[2023-03-18T08:41:40.499+0000] {taskinstance.py:1084} INFO - Dependencies all met for dep_context=requeueable deps ti=<TaskInstance: dag_with_cron_expression_v03.task1 scheduled__2023-03-17T00:00:00+00:00 [queued]>
[2023-03-18T08:41:40.501+0000] {taskinstance.py:1282} INFO - 
--------------------------------------------------------------------------------
[2023-03-18T08:41:40.501+0000] {taskinstance.py:1283} INFO - Starting attempt 1 of 6
[2023-03-18T08:41:40.502+0000] {taskinstance.py:1284} INFO - 
--------------------------------------------------------------------------------
[2023-03-18T08:41:40.537+0000] {taskinstance.py:1303} INFO - Executing <Task(BashOperator): task1> on 2023-03-17 00:00:00+00:00
[2023-03-18T08:41:40.545+0000] {standard_task_runner.py:55} INFO - Started process 212 to run task
[2023-03-18T08:41:40.551+0000] {standard_task_runner.py:82} INFO - Running: ['***', 'tasks', 'run', 'dag_with_cron_expression_v03', 'task1', 'scheduled__2023-03-17T00:00:00+00:00', '--job-id', '90', '--raw', '--subdir', 'DAGS_FOLDER/dag_with_cron_expression.py', '--cfg-path', '/tmp/tmp8pkxla31']
[2023-03-18T08:41:40.558+0000] {standard_task_runner.py:83} INFO - Job 90: Subtask task1
[2023-03-18T08:41:40.702+0000] {task_command.py:388} INFO - Running <TaskInstance: dag_with_cron_expression_v03.task1 scheduled__2023-03-17T00:00:00+00:00 [running]> on host 64c1aaaef559
[2023-03-18T08:41:40.911+0000] {taskinstance.py:1511} INFO - Exporting the following env vars:
AIRFLOW_CTX_DAG_OWNER=Phi Nguyen
AIRFLOW_CTX_DAG_ID=dag_with_cron_expression_v03
AIRFLOW_CTX_TASK_ID=task1
AIRFLOW_CTX_EXECUTION_DATE=2023-03-17T00:00:00+00:00
AIRFLOW_CTX_TRY_NUMBER=1
AIRFLOW_CTX_DAG_RUN_ID=scheduled__2023-03-17T00:00:00+00:00
[2023-03-18T08:41:40.912+0000] {subprocess.py:63} INFO - Tmp dir root location: 
 /tmp
[2023-03-18T08:41:40.914+0000] {subprocess.py:75} INFO - Running command: ['/bin/bash', '-c', 'echo This is dag with cron expression!']
[2023-03-18T08:41:40.925+0000] {subprocess.py:86} INFO - Output:
[2023-03-18T08:41:40.927+0000] {subprocess.py:93} INFO - This is dag with cron expression!
[2023-03-18T08:41:40.928+0000] {subprocess.py:97} INFO - Command exited with return code 0
[2023-03-18T08:41:40.976+0000] {taskinstance.py:1326} INFO - Marking task as SUCCESS. dag_id=dag_with_cron_expression_v03, task_id=task1, execution_date=20230317T000000, start_date=20230318T084140, end_date=20230318T084140
[2023-03-18T08:41:41.005+0000] {local_task_job.py:212} INFO - Task exited with return code 0
[2023-03-18T08:41:41.033+0000] {taskinstance.py:2585} INFO - 0 downstream tasks scheduled from follow-on schedule check
