[2023-03-15T13:28:46.680+0000] {taskinstance.py:1084} INFO - Dependencies all met for dep_context=non-requeueable deps ti=<TaskInstance: example_bash_operator.run_after_loop scheduled__2023-03-14T00:00:00+00:00 [queued]>
[2023-03-15T13:28:46.689+0000] {taskinstance.py:1084} INFO - Dependencies all met for dep_context=requeueable deps ti=<TaskInstance: example_bash_operator.run_after_loop scheduled__2023-03-14T00:00:00+00:00 [queued]>
[2023-03-15T13:28:46.689+0000] {taskinstance.py:1282} INFO - 
--------------------------------------------------------------------------------
[2023-03-15T13:28:46.690+0000] {taskinstance.py:1283} INFO - Starting attempt 1 of 1
[2023-03-15T13:28:46.691+0000] {taskinstance.py:1284} INFO - 
--------------------------------------------------------------------------------
[2023-03-15T13:28:46.706+0000] {taskinstance.py:1303} INFO - Executing <Task(BashOperator): run_after_loop> on 2023-03-14 00:00:00+00:00
[2023-03-15T13:28:46.709+0000] {standard_task_runner.py:55} INFO - Started process 23639 to run task
[2023-03-15T13:28:46.711+0000] {standard_task_runner.py:82} INFO - Running: ['***', 'tasks', 'run', 'example_bash_operator', 'run_after_loop', 'scheduled__2023-03-14T00:00:00+00:00', '--job-id', '10', '--raw', '--subdir', '/home/***/.local/lib/python3.7/site-packages/***/example_dags/example_bash_operator.py', '--cfg-path', '/tmp/tmp5t049bkn']
[2023-03-15T13:28:46.712+0000] {standard_task_runner.py:83} INFO - Job 10: Subtask run_after_loop
[2023-03-15T13:28:46.775+0000] {task_command.py:388} INFO - Running <TaskInstance: example_bash_operator.run_after_loop scheduled__2023-03-14T00:00:00+00:00 [running]> on host 3fa116d1453f
[2023-03-15T13:28:46.855+0000] {taskinstance.py:1511} INFO - Exporting the following env vars:
AIRFLOW_CTX_DAG_OWNER=***
AIRFLOW_CTX_DAG_ID=example_bash_operator
AIRFLOW_CTX_TASK_ID=run_after_loop
AIRFLOW_CTX_EXECUTION_DATE=2023-03-14T00:00:00+00:00
AIRFLOW_CTX_TRY_NUMBER=1
AIRFLOW_CTX_DAG_RUN_ID=scheduled__2023-03-14T00:00:00+00:00
[2023-03-15T13:28:46.857+0000] {subprocess.py:63} INFO - Tmp dir root location: 
 /tmp
[2023-03-15T13:28:46.858+0000] {subprocess.py:75} INFO - Running command: ['/bin/bash', '-c', 'echo 1']
[2023-03-15T13:28:46.864+0000] {subprocess.py:86} INFO - Output:
[2023-03-15T13:28:46.865+0000] {subprocess.py:93} INFO - 1
[2023-03-15T13:28:46.866+0000] {subprocess.py:97} INFO - Command exited with return code 0
[2023-03-15T13:28:46.890+0000] {taskinstance.py:1326} INFO - Marking task as SUCCESS. dag_id=example_bash_operator, task_id=run_after_loop, execution_date=20230314T000000, start_date=20230315T132846, end_date=20230315T132846
[2023-03-15T13:28:46.924+0000] {local_task_job.py:212} INFO - Task exited with return code 0
[2023-03-15T13:28:46.953+0000] {taskinstance.py:2585} INFO - 0 downstream tasks scheduled from follow-on schedule check
