[2023-03-21T06:05:20.262+0000] {taskinstance.py:1084} INFO - Dependencies all met for dep_context=non-requeueable deps ti=<TaskInstance: dag_with_taskflow_api_v01.get_name scheduled__2023-03-20T00:00:00+00:00 [queued]>
[2023-03-21T06:05:20.278+0000] {taskinstance.py:1084} INFO - Dependencies all met for dep_context=requeueable deps ti=<TaskInstance: dag_with_taskflow_api_v01.get_name scheduled__2023-03-20T00:00:00+00:00 [queued]>
[2023-03-21T06:05:20.279+0000] {taskinstance.py:1282} INFO - 
--------------------------------------------------------------------------------
[2023-03-21T06:05:20.279+0000] {taskinstance.py:1283} INFO - Starting attempt 1 of 6
[2023-03-21T06:05:20.280+0000] {taskinstance.py:1284} INFO - 
--------------------------------------------------------------------------------
[2023-03-21T06:05:20.305+0000] {taskinstance.py:1303} INFO - Executing <Task(_PythonDecoratedOperator): get_name> on 2023-03-20 00:00:00+00:00
[2023-03-21T06:05:20.309+0000] {standard_task_runner.py:55} INFO - Started process 220 to run task
[2023-03-21T06:05:20.313+0000] {standard_task_runner.py:82} INFO - Running: ['***', 'tasks', 'run', 'dag_with_taskflow_api_v01', 'get_name', 'scheduled__2023-03-20T00:00:00+00:00', '--job-id', '240', '--raw', '--subdir', 'DAGS_FOLDER/taskflow_api.py', '--cfg-path', '/tmp/tmptxm16ved']
[2023-03-21T06:05:20.316+0000] {standard_task_runner.py:83} INFO - Job 240: Subtask get_name
[2023-03-21T06:05:20.413+0000] {task_command.py:388} INFO - Running <TaskInstance: dag_with_taskflow_api_v01.get_name scheduled__2023-03-20T00:00:00+00:00 [running]> on host cfacfd39f993
[2023-03-21T06:05:20.525+0000] {taskinstance.py:1511} INFO - Exporting the following env vars:
AIRFLOW_CTX_DAG_OWNER=Phi_Nguyen
AIRFLOW_CTX_DAG_ID=dag_with_taskflow_api_v01
AIRFLOW_CTX_TASK_ID=get_name
AIRFLOW_CTX_EXECUTION_DATE=2023-03-20T00:00:00+00:00
AIRFLOW_CTX_TRY_NUMBER=1
AIRFLOW_CTX_DAG_RUN_ID=scheduled__2023-03-20T00:00:00+00:00
[2023-03-21T06:05:20.527+0000] {python.py:177} INFO - Done. Returned value was: Jerry
[2023-03-21T06:05:20.566+0000] {taskinstance.py:1326} INFO - Marking task as SUCCESS. dag_id=dag_with_taskflow_api_v01, task_id=get_name, execution_date=20230320T000000, start_date=20230321T060520, end_date=20230321T060520
[2023-03-21T06:05:20.606+0000] {local_task_job.py:212} INFO - Task exited with return code 0
[2023-03-21T06:05:20.641+0000] {taskinstance.py:2585} INFO - 0 downstream tasks scheduled from follow-on schedule check
