[2023-03-15T15:15:29.647+0000] {taskinstance.py:1084} INFO - Dependencies all met for dep_context=non-requeueable deps ti=<TaskInstance: phi_first_dag_v2.second_task manual__2023-03-15T15:15:27.774833+00:00 [queued]>
[2023-03-15T15:15:29.656+0000] {taskinstance.py:1084} INFO - Dependencies all met for dep_context=requeueable deps ti=<TaskInstance: phi_first_dag_v2.second_task manual__2023-03-15T15:15:27.774833+00:00 [queued]>
[2023-03-15T15:15:29.657+0000] {taskinstance.py:1282} INFO - 
--------------------------------------------------------------------------------
[2023-03-15T15:15:29.657+0000] {taskinstance.py:1283} INFO - Starting attempt 1 of 6
[2023-03-15T15:15:29.658+0000] {taskinstance.py:1284} INFO - 
--------------------------------------------------------------------------------
[2023-03-15T15:15:29.674+0000] {taskinstance.py:1303} INFO - Executing <Task(BashOperator): second_task> on 2023-03-15 15:15:27.774833+00:00
[2023-03-15T15:15:29.678+0000] {standard_task_runner.py:55} INFO - Started process 2017 to run task
[2023-03-15T15:15:29.680+0000] {standard_task_runner.py:82} INFO - Running: ['***', 'tasks', 'run', 'phi_first_dag_v2', 'second_task', 'manual__2023-03-15T15:15:27.774833+00:00', '--job-id', '5', '--raw', '--subdir', 'DAGS_FOLDER/phi_first_dag.py', '--cfg-path', '/tmp/tmp2fmkltm0']
[2023-03-15T15:15:29.682+0000] {standard_task_runner.py:83} INFO - Job 5: Subtask second_task
[2023-03-15T15:15:29.742+0000] {task_command.py:388} INFO - Running <TaskInstance: phi_first_dag_v2.second_task manual__2023-03-15T15:15:27.774833+00:00 [running]> on host 37030803e983
[2023-03-15T15:15:29.816+0000] {taskinstance.py:1511} INFO - Exporting the following env vars:
AIRFLOW_CTX_DAG_OWNER=Mr.Phi
AIRFLOW_CTX_DAG_ID=phi_first_dag_v2
AIRFLOW_CTX_TASK_ID=second_task
AIRFLOW_CTX_EXECUTION_DATE=2023-03-15T15:15:27.774833+00:00
AIRFLOW_CTX_TRY_NUMBER=1
AIRFLOW_CTX_DAG_RUN_ID=manual__2023-03-15T15:15:27.774833+00:00
[2023-03-15T15:15:29.817+0000] {subprocess.py:63} INFO - Tmp dir root location: 
 /tmp
[2023-03-15T15:15:29.818+0000] {subprocess.py:75} INFO - Running command: ['/bin/bash', '-c', 'echo this is task 2']
[2023-03-15T15:15:29.824+0000] {subprocess.py:86} INFO - Output:
[2023-03-15T15:15:29.825+0000] {subprocess.py:93} INFO - this is task 2
[2023-03-15T15:15:29.826+0000] {subprocess.py:97} INFO - Command exited with return code 0
[2023-03-15T15:15:29.851+0000] {taskinstance.py:1326} INFO - Marking task as SUCCESS. dag_id=phi_first_dag_v2, task_id=second_task, execution_date=20230315T151527, start_date=20230315T151529, end_date=20230315T151529
[2023-03-15T15:15:29.893+0000] {local_task_job.py:212} INFO - Task exited with return code 0
[2023-03-15T15:15:29.910+0000] {taskinstance.py:2585} INFO - 0 downstream tasks scheduled from follow-on schedule check
