[2023-03-18T18:49:39.585+0000] {taskinstance.py:1084} INFO - Dependencies all met for dep_context=non-requeueable deps ti=<TaskInstance: dag_with_python_operator_v11.get_name scheduled__2023-03-16T00:00:00+00:00 [queued]>
[2023-03-18T18:49:39.657+0000] {taskinstance.py:1084} INFO - Dependencies all met for dep_context=requeueable deps ti=<TaskInstance: dag_with_python_operator_v11.get_name scheduled__2023-03-16T00:00:00+00:00 [queued]>
[2023-03-18T18:49:39.659+0000] {taskinstance.py:1282} INFO - 
--------------------------------------------------------------------------------
[2023-03-18T18:49:39.659+0000] {taskinstance.py:1283} INFO - Starting attempt 1 of 6
[2023-03-18T18:49:39.661+0000] {taskinstance.py:1284} INFO - 
--------------------------------------------------------------------------------
[2023-03-18T18:49:39.737+0000] {taskinstance.py:1303} INFO - Executing <Task(PythonOperator): get_name> on 2023-03-16 00:00:00+00:00
[2023-03-18T18:49:39.768+0000] {standard_task_runner.py:55} INFO - Started process 332 to run task
[2023-03-18T18:49:39.781+0000] {standard_task_runner.py:82} INFO - Running: ['***', 'tasks', 'run', 'dag_with_python_operator_v11', 'get_name', 'scheduled__2023-03-16T00:00:00+00:00', '--job-id', '135', '--raw', '--subdir', 'DAGS_FOLDER/python_operator.py', '--cfg-path', '/tmp/tmphw9g9vl2']
[2023-03-18T18:49:39.794+0000] {standard_task_runner.py:83} INFO - Job 135: Subtask get_name
[2023-03-18T18:49:40.155+0000] {task_command.py:388} INFO - Running <TaskInstance: dag_with_python_operator_v11.get_name scheduled__2023-03-16T00:00:00+00:00 [running]> on host 0f9e9c2061ea
[2023-03-18T18:49:40.403+0000] {taskinstance.py:1511} INFO - Exporting the following env vars:
AIRFLOW_CTX_DAG_OWNER=Mr.Phi
AIRFLOW_CTX_DAG_ID=dag_with_python_operator_v11
AIRFLOW_CTX_TASK_ID=get_name
AIRFLOW_CTX_EXECUTION_DATE=2023-03-16T00:00:00+00:00
AIRFLOW_CTX_TRY_NUMBER=1
AIRFLOW_CTX_DAG_RUN_ID=scheduled__2023-03-16T00:00:00+00:00
[2023-03-18T18:49:40.469+0000] {python.py:177} INFO - Done. Returned value was: None
[2023-03-18T18:49:40.492+0000] {taskinstance.py:1326} INFO - Marking task as SUCCESS. dag_id=dag_with_python_operator_v11, task_id=get_name, execution_date=20230316T000000, start_date=20230318T184939, end_date=20230318T184940
[2023-03-18T18:49:40.540+0000] {local_task_job.py:212} INFO - Task exited with return code 0
[2023-03-18T18:49:40.601+0000] {taskinstance.py:2585} INFO - 0 downstream tasks scheduled from follow-on schedule check
