[2023-03-18T08:41:40.487+0000] {taskinstance.py:1084} INFO - Dependencies all met for dep_context=non-requeueable deps ti=<TaskInstance: dag_with_taskflow_api_v01.get_age scheduled__2023-03-17T00:00:00+00:00 [queued]>
[2023-03-18T08:41:40.507+0000] {taskinstance.py:1084} INFO - Dependencies all met for dep_context=requeueable deps ti=<TaskInstance: dag_with_taskflow_api_v01.get_age scheduled__2023-03-17T00:00:00+00:00 [queued]>
[2023-03-18T08:41:40.508+0000] {taskinstance.py:1282} INFO - 
--------------------------------------------------------------------------------
[2023-03-18T08:41:40.509+0000] {taskinstance.py:1283} INFO - Starting attempt 1 of 6
[2023-03-18T08:41:40.510+0000] {taskinstance.py:1284} INFO - 
--------------------------------------------------------------------------------
[2023-03-18T08:41:40.546+0000] {taskinstance.py:1303} INFO - Executing <Task(_PythonDecoratedOperator): get_age> on 2023-03-17 00:00:00+00:00
[2023-03-18T08:41:40.554+0000] {standard_task_runner.py:55} INFO - Started process 215 to run task
[2023-03-18T08:41:40.560+0000] {standard_task_runner.py:82} INFO - Running: ['***', 'tasks', 'run', 'dag_with_taskflow_api_v01', 'get_age', 'scheduled__2023-03-17T00:00:00+00:00', '--job-id', '93', '--raw', '--subdir', 'DAGS_FOLDER/taskflow_api.py', '--cfg-path', '/tmp/tmpe2vp4pej']
[2023-03-18T08:41:40.564+0000] {standard_task_runner.py:83} INFO - Job 93: Subtask get_age
[2023-03-18T08:41:40.713+0000] {task_command.py:388} INFO - Running <TaskInstance: dag_with_taskflow_api_v01.get_age scheduled__2023-03-17T00:00:00+00:00 [running]> on host 64c1aaaef559
[2023-03-18T08:41:40.901+0000] {taskinstance.py:1511} INFO - Exporting the following env vars:
AIRFLOW_CTX_DAG_OWNER=Phi_Nguyen
AIRFLOW_CTX_DAG_ID=dag_with_taskflow_api_v01
AIRFLOW_CTX_TASK_ID=get_age
AIRFLOW_CTX_EXECUTION_DATE=2023-03-17T00:00:00+00:00
AIRFLOW_CTX_TRY_NUMBER=1
AIRFLOW_CTX_DAG_RUN_ID=scheduled__2023-03-17T00:00:00+00:00
[2023-03-18T08:41:40.902+0000] {python.py:177} INFO - Done. Returned value was: 19
[2023-03-18T08:41:40.936+0000] {taskinstance.py:1326} INFO - Marking task as SUCCESS. dag_id=dag_with_taskflow_api_v01, task_id=get_age, execution_date=20230317T000000, start_date=20230318T084140, end_date=20230318T084140
[2023-03-18T08:41:40.974+0000] {local_task_job.py:212} INFO - Task exited with return code 0
[2023-03-18T08:41:41.011+0000] {taskinstance.py:2585} INFO - 1 downstream tasks scheduled from follow-on schedule check
