[2023-03-20T09:02:50.749+0000] {taskinstance.py:1084} INFO - Dependencies all met for dep_context=non-requeueable deps ti=<TaskInstance: phi_first_dag_v3.third_task scheduled__2023-03-19T00:00:00+00:00 [queued]>
[2023-03-20T09:02:50.761+0000] {taskinstance.py:1084} INFO - Dependencies all met for dep_context=requeueable deps ti=<TaskInstance: phi_first_dag_v3.third_task scheduled__2023-03-19T00:00:00+00:00 [queued]>
[2023-03-20T09:02:50.761+0000] {taskinstance.py:1282} INFO - 
--------------------------------------------------------------------------------
[2023-03-20T09:02:50.762+0000] {taskinstance.py:1283} INFO - Starting attempt 1 of 6
[2023-03-20T09:02:50.763+0000] {taskinstance.py:1284} INFO - 
--------------------------------------------------------------------------------
[2023-03-20T09:02:50.781+0000] {taskinstance.py:1303} INFO - Executing <Task(BashOperator): third_task> on 2023-03-19 00:00:00+00:00
[2023-03-20T09:02:50.785+0000] {standard_task_runner.py:55} INFO - Started process 221 to run task
[2023-03-20T09:02:50.788+0000] {standard_task_runner.py:82} INFO - Running: ['***', 'tasks', 'run', 'phi_first_dag_v3', 'third_task', 'scheduled__2023-03-19T00:00:00+00:00', '--job-id', '168', '--raw', '--subdir', 'DAGS_FOLDER/phi_first_dag.py', '--cfg-path', '/tmp/tmp_njlwkp0']
[2023-03-20T09:02:50.790+0000] {standard_task_runner.py:83} INFO - Job 168: Subtask third_task
[2023-03-20T09:02:50.865+0000] {task_command.py:388} INFO - Running <TaskInstance: phi_first_dag_v3.third_task scheduled__2023-03-19T00:00:00+00:00 [running]> on host 0f9e9c2061ea
[2023-03-20T09:02:50.963+0000] {taskinstance.py:1511} INFO - Exporting the following env vars:
AIRFLOW_CTX_DAG_OWNER=Mr.Phi
AIRFLOW_CTX_DAG_ID=phi_first_dag_v3
AIRFLOW_CTX_TASK_ID=third_task
AIRFLOW_CTX_EXECUTION_DATE=2023-03-19T00:00:00+00:00
AIRFLOW_CTX_TRY_NUMBER=1
AIRFLOW_CTX_DAG_RUN_ID=scheduled__2023-03-19T00:00:00+00:00
[2023-03-20T09:02:50.965+0000] {subprocess.py:63} INFO - Tmp dir root location: 
 /tmp
[2023-03-20T09:02:50.967+0000] {subprocess.py:75} INFO - Running command: ['/bin/bash', '-c', 'echo this is task 3']
[2023-03-20T09:02:50.976+0000] {subprocess.py:86} INFO - Output:
[2023-03-20T09:02:50.978+0000] {subprocess.py:93} INFO - this is task 3
[2023-03-20T09:02:50.979+0000] {subprocess.py:97} INFO - Command exited with return code 0
[2023-03-20T09:02:51.011+0000] {taskinstance.py:1326} INFO - Marking task as SUCCESS. dag_id=phi_first_dag_v3, task_id=third_task, execution_date=20230319T000000, start_date=20230320T090250, end_date=20230320T090251
[2023-03-20T09:02:51.040+0000] {local_task_job.py:212} INFO - Task exited with return code 0
[2023-03-20T09:02:51.062+0000] {taskinstance.py:2585} INFO - 0 downstream tasks scheduled from follow-on schedule check
