[2023-03-16T11:52:15.889+0000] {taskinstance.py:1084} INFO - Dependencies all met for dep_context=non-requeueable deps ti=<TaskInstance: dag_with_cron_expression_v02.task1 scheduled__2023-03-10T00:00:00+00:00 [queued]>
[2023-03-16T11:52:15.907+0000] {taskinstance.py:1084} INFO - Dependencies all met for dep_context=requeueable deps ti=<TaskInstance: dag_with_cron_expression_v02.task1 scheduled__2023-03-10T00:00:00+00:00 [queued]>
[2023-03-16T11:52:15.908+0000] {taskinstance.py:1282} INFO - 
--------------------------------------------------------------------------------
[2023-03-16T11:52:15.909+0000] {taskinstance.py:1283} INFO - Starting attempt 1 of 6
[2023-03-16T11:52:15.910+0000] {taskinstance.py:1284} INFO - 
--------------------------------------------------------------------------------
[2023-03-16T11:52:15.941+0000] {taskinstance.py:1303} INFO - Executing <Task(BashOperator): task1> on 2023-03-10 00:00:00+00:00
[2023-03-16T11:52:15.947+0000] {standard_task_runner.py:55} INFO - Started process 1817 to run task
[2023-03-16T11:52:15.953+0000] {standard_task_runner.py:82} INFO - Running: ['***', 'tasks', 'run', 'dag_with_cron_expression_v02', 'task1', 'scheduled__2023-03-10T00:00:00+00:00', '--job-id', '70', '--raw', '--subdir', 'DAGS_FOLDER/dag_with_cron_expression.py', '--cfg-path', '/tmp/tmppngys56t']
[2023-03-16T11:52:15.960+0000] {standard_task_runner.py:83} INFO - Job 70: Subtask task1
[2023-03-16T11:52:16.153+0000] {task_command.py:388} INFO - Running <TaskInstance: dag_with_cron_expression_v02.task1 scheduled__2023-03-10T00:00:00+00:00 [running]> on host d72d518b6bfe
[2023-03-16T11:52:16.321+0000] {taskinstance.py:1511} INFO - Exporting the following env vars:
AIRFLOW_CTX_DAG_OWNER=Phi Nguyen
AIRFLOW_CTX_DAG_ID=dag_with_cron_expression_v02
AIRFLOW_CTX_TASK_ID=task1
AIRFLOW_CTX_EXECUTION_DATE=2023-03-10T00:00:00+00:00
AIRFLOW_CTX_TRY_NUMBER=1
AIRFLOW_CTX_DAG_RUN_ID=scheduled__2023-03-10T00:00:00+00:00
[2023-03-16T11:52:16.323+0000] {subprocess.py:63} INFO - Tmp dir root location: 
 /tmp
[2023-03-16T11:52:16.324+0000] {subprocess.py:75} INFO - Running command: ['/bin/bash', '-c', 'echo This is dag with cron expression!']
[2023-03-16T11:52:16.338+0000] {subprocess.py:86} INFO - Output:
[2023-03-16T11:52:16.340+0000] {subprocess.py:93} INFO - This is dag with cron expression!
[2023-03-16T11:52:16.341+0000] {subprocess.py:97} INFO - Command exited with return code 0
[2023-03-16T11:52:16.400+0000] {taskinstance.py:1326} INFO - Marking task as SUCCESS. dag_id=dag_with_cron_expression_v02, task_id=task1, execution_date=20230310T000000, start_date=20230316T115215, end_date=20230316T115216
[2023-03-16T11:52:16.447+0000] {local_task_job.py:212} INFO - Task exited with return code 0
[2023-03-16T11:52:16.481+0000] {taskinstance.py:2585} INFO - 0 downstream tasks scheduled from follow-on schedule check
