[2023-03-16T09:36:17.944+0000] {taskinstance.py:1084} INFO - Dependencies all met for dep_context=non-requeueable deps ti=<TaskInstance: dag_with_python_operator_v4.greet manual__2023-03-16T09:32:45.934498+00:00 [queued]>
[2023-03-16T09:36:17.956+0000] {taskinstance.py:1084} INFO - Dependencies all met for dep_context=requeueable deps ti=<TaskInstance: dag_with_python_operator_v4.greet manual__2023-03-16T09:32:45.934498+00:00 [queued]>
[2023-03-16T09:36:17.957+0000] {taskinstance.py:1282} INFO - 
--------------------------------------------------------------------------------
[2023-03-16T09:36:17.957+0000] {taskinstance.py:1283} INFO - Starting attempt 3 of 8
[2023-03-16T09:36:17.958+0000] {taskinstance.py:1284} INFO - 
--------------------------------------------------------------------------------
[2023-03-16T09:36:17.974+0000] {taskinstance.py:1303} INFO - Executing <Task(PythonOperator): greet> on 2023-03-16 09:32:45.934498+00:00
[2023-03-16T09:36:17.977+0000] {standard_task_runner.py:55} INFO - Started process 1111 to run task
[2023-03-16T09:36:17.980+0000] {standard_task_runner.py:82} INFO - Running: ['***', 'tasks', 'run', 'dag_with_python_operator_v4', 'greet', 'manual__2023-03-16T09:32:45.934498+00:00', '--job-id', '26', '--raw', '--subdir', 'DAGS_FOLDER/python_operator.py', '--cfg-path', '/tmp/tmp4bsclxy_']
[2023-03-16T09:36:17.981+0000] {standard_task_runner.py:83} INFO - Job 26: Subtask greet
[2023-03-16T09:36:18.049+0000] {task_command.py:388} INFO - Running <TaskInstance: dag_with_python_operator_v4.greet manual__2023-03-16T09:32:45.934498+00:00 [running]> on host c3799dfdd69d
[2023-03-16T09:36:18.124+0000] {taskinstance.py:1511} INFO - Exporting the following env vars:
AIRFLOW_CTX_DAG_OWNER=Mr.Phi
AIRFLOW_CTX_DAG_ID=dag_with_python_operator_v4
AIRFLOW_CTX_TASK_ID=greet
AIRFLOW_CTX_EXECUTION_DATE=2023-03-16T09:32:45.934498+00:00
AIRFLOW_CTX_TRY_NUMBER=3
AIRFLOW_CTX_DAG_RUN_ID=manual__2023-03-16T09:32:45.934498+00:00
[2023-03-16T09:36:18.136+0000] {logging_mixin.py:137} INFO - Hello World! My name is Jerry, and I am 20
[2023-03-16T09:36:18.136+0000] {python.py:177} INFO - Done. Returned value was: None
[2023-03-16T09:36:18.147+0000] {taskinstance.py:1326} INFO - Marking task as SUCCESS. dag_id=dag_with_python_operator_v4, task_id=greet, execution_date=20230316T093245, start_date=20230316T093617, end_date=20230316T093618
[2023-03-16T09:36:18.192+0000] {local_task_job.py:212} INFO - Task exited with return code 0
[2023-03-16T09:36:18.209+0000] {taskinstance.py:2585} INFO - 0 downstream tasks scheduled from follow-on schedule check
