[2023-03-16T09:41:48.274+0000] {taskinstance.py:1084} INFO - Dependencies all met for dep_context=non-requeueable deps ti=<TaskInstance: dag_with_python_operator_v5.greet scheduled__2023-03-14T00:00:00+00:00 [queued]>
[2023-03-16T09:41:48.286+0000] {taskinstance.py:1084} INFO - Dependencies all met for dep_context=requeueable deps ti=<TaskInstance: dag_with_python_operator_v5.greet scheduled__2023-03-14T00:00:00+00:00 [queued]>
[2023-03-16T09:41:48.286+0000] {taskinstance.py:1282} INFO - 
--------------------------------------------------------------------------------
[2023-03-16T09:41:48.287+0000] {taskinstance.py:1283} INFO - Starting attempt 1 of 6
[2023-03-16T09:41:48.287+0000] {taskinstance.py:1284} INFO - 
--------------------------------------------------------------------------------
[2023-03-16T09:41:48.306+0000] {taskinstance.py:1303} INFO - Executing <Task(PythonOperator): greet> on 2023-03-14 00:00:00+00:00
[2023-03-16T09:41:48.310+0000] {standard_task_runner.py:55} INFO - Started process 1314 to run task
[2023-03-16T09:41:48.314+0000] {standard_task_runner.py:82} INFO - Running: ['***', 'tasks', 'run', 'dag_with_python_operator_v5', 'greet', 'scheduled__2023-03-14T00:00:00+00:00', '--job-id', '31', '--raw', '--subdir', 'DAGS_FOLDER/python_operator.py', '--cfg-path', '/tmp/tmpg7nig6w6']
[2023-03-16T09:41:48.317+0000] {standard_task_runner.py:83} INFO - Job 31: Subtask greet
[2023-03-16T09:41:48.399+0000] {task_command.py:388} INFO - Running <TaskInstance: dag_with_python_operator_v5.greet scheduled__2023-03-14T00:00:00+00:00 [running]> on host c3799dfdd69d
[2023-03-16T09:41:48.481+0000] {taskinstance.py:1511} INFO - Exporting the following env vars:
AIRFLOW_CTX_DAG_OWNER=Mr.Phi
AIRFLOW_CTX_DAG_ID=dag_with_python_operator_v5
AIRFLOW_CTX_TASK_ID=greet
AIRFLOW_CTX_EXECUTION_DATE=2023-03-14T00:00:00+00:00
AIRFLOW_CTX_TRY_NUMBER=1
AIRFLOW_CTX_DAG_RUN_ID=scheduled__2023-03-14T00:00:00+00:00
[2023-03-16T09:41:48.500+0000] {logging_mixin.py:137} INFO - Hello World! My name is None None, and I am 20
[2023-03-16T09:41:48.501+0000] {python.py:177} INFO - Done. Returned value was: None
[2023-03-16T09:41:48.511+0000] {taskinstance.py:1326} INFO - Marking task as SUCCESS. dag_id=dag_with_python_operator_v5, task_id=greet, execution_date=20230314T000000, start_date=20230316T094148, end_date=20230316T094148
[2023-03-16T09:41:48.566+0000] {local_task_job.py:212} INFO - Task exited with return code 0
[2023-03-16T09:41:48.585+0000] {taskinstance.py:2585} INFO - 0 downstream tasks scheduled from follow-on schedule check
