[2023-03-19T04:04:29.140+0000] {taskinstance.py:1084} INFO - Dependencies all met for dep_context=non-requeueable deps ti=<TaskInstance: dag_with_taskflow_api_v01.get_age scheduled__2023-03-18T00:00:00+00:00 [queued]>
[2023-03-19T04:04:29.160+0000] {taskinstance.py:1084} INFO - Dependencies all met for dep_context=requeueable deps ti=<TaskInstance: dag_with_taskflow_api_v01.get_age scheduled__2023-03-18T00:00:00+00:00 [queued]>
[2023-03-19T04:04:29.170+0000] {taskinstance.py:1282} INFO - 
--------------------------------------------------------------------------------
[2023-03-19T04:04:29.171+0000] {taskinstance.py:1283} INFO - Starting attempt 1 of 6
[2023-03-19T04:04:29.172+0000] {taskinstance.py:1284} INFO - 
--------------------------------------------------------------------------------
[2023-03-19T04:04:29.204+0000] {taskinstance.py:1303} INFO - Executing <Task(_PythonDecoratedOperator): get_age> on 2023-03-18 00:00:00+00:00
[2023-03-19T04:04:29.212+0000] {standard_task_runner.py:55} INFO - Started process 215 to run task
[2023-03-19T04:04:29.222+0000] {standard_task_runner.py:82} INFO - Running: ['***', 'tasks', 'run', 'dag_with_taskflow_api_v01', 'get_age', 'scheduled__2023-03-18T00:00:00+00:00', '--job-id', '149', '--raw', '--subdir', 'DAGS_FOLDER/taskflow_api.py', '--cfg-path', '/tmp/tmpfn10v7_1']
[2023-03-19T04:04:29.226+0000] {standard_task_runner.py:83} INFO - Job 149: Subtask get_age
[2023-03-19T04:04:29.369+0000] {task_command.py:388} INFO - Running <TaskInstance: dag_with_taskflow_api_v01.get_age scheduled__2023-03-18T00:00:00+00:00 [running]> on host 0f9e9c2061ea
[2023-03-19T04:04:29.539+0000] {taskinstance.py:1511} INFO - Exporting the following env vars:
AIRFLOW_CTX_DAG_OWNER=Phi_Nguyen
AIRFLOW_CTX_DAG_ID=dag_with_taskflow_api_v01
AIRFLOW_CTX_TASK_ID=get_age
AIRFLOW_CTX_EXECUTION_DATE=2023-03-18T00:00:00+00:00
AIRFLOW_CTX_TRY_NUMBER=1
AIRFLOW_CTX_DAG_RUN_ID=scheduled__2023-03-18T00:00:00+00:00
[2023-03-19T04:04:29.542+0000] {python.py:177} INFO - Done. Returned value was: 19
[2023-03-19T04:04:29.583+0000] {taskinstance.py:1326} INFO - Marking task as SUCCESS. dag_id=dag_with_taskflow_api_v01, task_id=get_age, execution_date=20230318T000000, start_date=20230319T040429, end_date=20230319T040429
[2023-03-19T04:04:29.637+0000] {local_task_job.py:212} INFO - Task exited with return code 0
[2023-03-19T04:04:29.674+0000] {taskinstance.py:2585} INFO - 0 downstream tasks scheduled from follow-on schedule check
