[2023-03-20T09:02:49.807+0000] {taskinstance.py:1084} INFO - Dependencies all met for dep_context=non-requeueable deps ti=<TaskInstance: dag_with_python_operator_v11.get_name scheduled__2023-03-19T00:00:00+00:00 [queued]>
[2023-03-20T09:02:49.833+0000] {taskinstance.py:1084} INFO - Dependencies all met for dep_context=requeueable deps ti=<TaskInstance: dag_with_python_operator_v11.get_name scheduled__2023-03-19T00:00:00+00:00 [queued]>
[2023-03-20T09:02:49.834+0000] {taskinstance.py:1282} INFO - 
--------------------------------------------------------------------------------
[2023-03-20T09:02:49.835+0000] {taskinstance.py:1283} INFO - Starting attempt 1 of 6
[2023-03-20T09:02:49.836+0000] {taskinstance.py:1284} INFO - 
--------------------------------------------------------------------------------
[2023-03-20T09:02:49.872+0000] {taskinstance.py:1303} INFO - Executing <Task(PythonOperator): get_name> on 2023-03-19 00:00:00+00:00
[2023-03-20T09:02:49.880+0000] {standard_task_runner.py:55} INFO - Started process 206 to run task
[2023-03-20T09:02:49.889+0000] {standard_task_runner.py:82} INFO - Running: ['***', 'tasks', 'run', 'dag_with_python_operator_v11', 'get_name', 'scheduled__2023-03-19T00:00:00+00:00', '--job-id', '161', '--raw', '--subdir', 'DAGS_FOLDER/python_operator.py', '--cfg-path', '/tmp/tmp87uyhbea']
[2023-03-20T09:02:49.896+0000] {standard_task_runner.py:83} INFO - Job 161: Subtask get_name
[2023-03-20T09:02:50.089+0000] {task_command.py:388} INFO - Running <TaskInstance: dag_with_python_operator_v11.get_name scheduled__2023-03-19T00:00:00+00:00 [running]> on host 0f9e9c2061ea
[2023-03-20T09:02:50.258+0000] {taskinstance.py:1511} INFO - Exporting the following env vars:
AIRFLOW_CTX_DAG_OWNER=Mr.Phi
AIRFLOW_CTX_DAG_ID=dag_with_python_operator_v11
AIRFLOW_CTX_TASK_ID=get_name
AIRFLOW_CTX_EXECUTION_DATE=2023-03-19T00:00:00+00:00
AIRFLOW_CTX_TRY_NUMBER=1
AIRFLOW_CTX_DAG_RUN_ID=scheduled__2023-03-19T00:00:00+00:00
[2023-03-20T09:02:50.302+0000] {python.py:177} INFO - Done. Returned value was: None
[2023-03-20T09:02:50.325+0000] {taskinstance.py:1326} INFO - Marking task as SUCCESS. dag_id=dag_with_python_operator_v11, task_id=get_name, execution_date=20230319T000000, start_date=20230320T090249, end_date=20230320T090250
[2023-03-20T09:02:50.383+0000] {local_task_job.py:212} INFO - Task exited with return code 0
[2023-03-20T09:02:50.409+0000] {taskinstance.py:2585} INFO - 0 downstream tasks scheduled from follow-on schedule check
