[2023-03-16T10:11:19.593+0000] {taskinstance.py:1084} INFO - Dependencies all met for dep_context=non-requeueable deps ti=<TaskInstance: dag_with_taskflow_api_v01.get_name scheduled__2023-03-14T00:00:00+00:00 [queued]>
[2023-03-16T10:11:19.608+0000] {taskinstance.py:1084} INFO - Dependencies all met for dep_context=requeueable deps ti=<TaskInstance: dag_with_taskflow_api_v01.get_name scheduled__2023-03-14T00:00:00+00:00 [queued]>
[2023-03-16T10:11:19.609+0000] {taskinstance.py:1282} INFO - 
--------------------------------------------------------------------------------
[2023-03-16T10:11:19.609+0000] {taskinstance.py:1283} INFO - Starting attempt 1 of 6
[2023-03-16T10:11:19.610+0000] {taskinstance.py:1284} INFO - 
--------------------------------------------------------------------------------
[2023-03-16T10:11:19.652+0000] {taskinstance.py:1303} INFO - Executing <Task(_PythonDecoratedOperator): get_name> on 2023-03-14 00:00:00+00:00
[2023-03-16T10:11:19.659+0000] {standard_task_runner.py:55} INFO - Started process 2370 to run task
[2023-03-16T10:11:19.668+0000] {standard_task_runner.py:82} INFO - Running: ['***', 'tasks', 'run', 'dag_with_taskflow_api_v01', 'get_name', 'scheduled__2023-03-14T00:00:00+00:00', '--job-id', '48', '--raw', '--subdir', 'DAGS_FOLDER/taskflow_api.py', '--cfg-path', '/tmp/tmp0bhr9v38']
[2023-03-16T10:11:19.675+0000] {standard_task_runner.py:83} INFO - Job 48: Subtask get_name
[2023-03-16T10:11:19.846+0000] {task_command.py:388} INFO - Running <TaskInstance: dag_with_taskflow_api_v01.get_name scheduled__2023-03-14T00:00:00+00:00 [running]> on host c3799dfdd69d
[2023-03-16T10:11:20.037+0000] {taskinstance.py:1511} INFO - Exporting the following env vars:
AIRFLOW_CTX_DAG_OWNER=Phi_Nguyen
AIRFLOW_CTX_DAG_ID=dag_with_taskflow_api_v01
AIRFLOW_CTX_TASK_ID=get_name
AIRFLOW_CTX_EXECUTION_DATE=2023-03-14T00:00:00+00:00
AIRFLOW_CTX_TRY_NUMBER=1
AIRFLOW_CTX_DAG_RUN_ID=scheduled__2023-03-14T00:00:00+00:00
[2023-03-16T10:11:20.038+0000] {python.py:177} INFO - Done. Returned value was: Jerry
[2023-03-16T10:11:20.100+0000] {taskinstance.py:1326} INFO - Marking task as SUCCESS. dag_id=dag_with_taskflow_api_v01, task_id=get_name, execution_date=20230314T000000, start_date=20230316T101119, end_date=20230316T101120
[2023-03-16T10:11:20.157+0000] {local_task_job.py:212} INFO - Task exited with return code 0
[2023-03-16T10:11:20.204+0000] {taskinstance.py:2585} INFO - 0 downstream tasks scheduled from follow-on schedule check
