[2023-03-18T08:41:40.241+0000] {taskinstance.py:1084} INFO - Dependencies all met for dep_context=non-requeueable deps ti=<TaskInstance: phi_first_dag_v3.first_task scheduled__2023-03-16T00:00:00+00:00 [queued]>
[2023-03-18T08:41:40.262+0000] {taskinstance.py:1084} INFO - Dependencies all met for dep_context=requeueable deps ti=<TaskInstance: phi_first_dag_v3.first_task scheduled__2023-03-16T00:00:00+00:00 [queued]>
[2023-03-18T08:41:40.263+0000] {taskinstance.py:1282} INFO - 
--------------------------------------------------------------------------------
[2023-03-18T08:41:40.263+0000] {taskinstance.py:1283} INFO - Starting attempt 1 of 6
[2023-03-18T08:41:40.264+0000] {taskinstance.py:1284} INFO - 
--------------------------------------------------------------------------------
[2023-03-18T08:41:40.300+0000] {taskinstance.py:1303} INFO - Executing <Task(BashOperator): first_task> on 2023-03-16 00:00:00+00:00
[2023-03-18T08:41:40.306+0000] {standard_task_runner.py:55} INFO - Started process 209 to run task
[2023-03-18T08:41:40.313+0000] {standard_task_runner.py:82} INFO - Running: ['***', 'tasks', 'run', 'phi_first_dag_v3', 'first_task', 'scheduled__2023-03-16T00:00:00+00:00', '--job-id', '87', '--raw', '--subdir', 'DAGS_FOLDER/phi_first_dag.py', '--cfg-path', '/tmp/tmp7r8ntuec']
[2023-03-18T08:41:40.317+0000] {standard_task_runner.py:83} INFO - Job 87: Subtask first_task
[2023-03-18T08:41:40.452+0000] {task_command.py:388} INFO - Running <TaskInstance: phi_first_dag_v3.first_task scheduled__2023-03-16T00:00:00+00:00 [running]> on host 64c1aaaef559
[2023-03-18T08:41:40.635+0000] {taskinstance.py:1511} INFO - Exporting the following env vars:
AIRFLOW_CTX_DAG_OWNER=Mr.Phi
AIRFLOW_CTX_DAG_ID=phi_first_dag_v3
AIRFLOW_CTX_TASK_ID=first_task
AIRFLOW_CTX_EXECUTION_DATE=2023-03-16T00:00:00+00:00
AIRFLOW_CTX_TRY_NUMBER=1
AIRFLOW_CTX_DAG_RUN_ID=scheduled__2023-03-16T00:00:00+00:00
[2023-03-18T08:41:40.637+0000] {subprocess.py:63} INFO - Tmp dir root location: 
 /tmp
[2023-03-18T08:41:40.639+0000] {subprocess.py:75} INFO - Running command: ['/bin/bash', '-c', 'echo hello world, this is the first task!']
[2023-03-18T08:41:40.654+0000] {subprocess.py:86} INFO - Output:
[2023-03-18T08:41:40.657+0000] {subprocess.py:93} INFO - hello world, this is the first task!
[2023-03-18T08:41:40.658+0000] {subprocess.py:97} INFO - Command exited with return code 0
[2023-03-18T08:41:40.723+0000] {taskinstance.py:1326} INFO - Marking task as SUCCESS. dag_id=phi_first_dag_v3, task_id=first_task, execution_date=20230316T000000, start_date=20230318T084140, end_date=20230318T084140
[2023-03-18T08:41:40.807+0000] {local_task_job.py:212} INFO - Task exited with return code 0
[2023-03-18T08:41:40.868+0000] {taskinstance.py:2585} INFO - 2 downstream tasks scheduled from follow-on schedule check
