[2023-03-16T09:32:46.829+0000] {taskinstance.py:1084} INFO - Dependencies all met for dep_context=non-requeueable deps ti=<TaskInstance: dag_with_python_operator_v4.get_name manual__2023-03-16T09:32:45.934498+00:00 [queued]>
[2023-03-16T09:32:46.839+0000] {taskinstance.py:1084} INFO - Dependencies all met for dep_context=requeueable deps ti=<TaskInstance: dag_with_python_operator_v4.get_name manual__2023-03-16T09:32:45.934498+00:00 [queued]>
[2023-03-16T09:32:46.840+0000] {taskinstance.py:1282} INFO - 
--------------------------------------------------------------------------------
[2023-03-16T09:32:46.840+0000] {taskinstance.py:1283} INFO - Starting attempt 1 of 6
[2023-03-16T09:32:46.841+0000] {taskinstance.py:1284} INFO - 
--------------------------------------------------------------------------------
[2023-03-16T09:32:46.858+0000] {taskinstance.py:1303} INFO - Executing <Task(PythonOperator): get_name> on 2023-03-16 09:32:45.934498+00:00
[2023-03-16T09:32:46.861+0000] {standard_task_runner.py:55} INFO - Started process 976 to run task
[2023-03-16T09:32:46.865+0000] {standard_task_runner.py:82} INFO - Running: ['***', 'tasks', 'run', 'dag_with_python_operator_v4', 'get_name', 'manual__2023-03-16T09:32:45.934498+00:00', '--job-id', '23', '--raw', '--subdir', 'DAGS_FOLDER/python_operator.py', '--cfg-path', '/tmp/tmpck65trfv']
[2023-03-16T09:32:46.867+0000] {standard_task_runner.py:83} INFO - Job 23: Subtask get_name
[2023-03-16T09:32:46.935+0000] {task_command.py:388} INFO - Running <TaskInstance: dag_with_python_operator_v4.get_name manual__2023-03-16T09:32:45.934498+00:00 [running]> on host c3799dfdd69d
[2023-03-16T09:32:47.010+0000] {taskinstance.py:1511} INFO - Exporting the following env vars:
AIRFLOW_CTX_DAG_OWNER=Mr.Phi
AIRFLOW_CTX_DAG_ID=dag_with_python_operator_v4
AIRFLOW_CTX_TASK_ID=get_name
AIRFLOW_CTX_EXECUTION_DATE=2023-03-16T09:32:45.934498+00:00
AIRFLOW_CTX_TRY_NUMBER=1
AIRFLOW_CTX_DAG_RUN_ID=manual__2023-03-16T09:32:45.934498+00:00
[2023-03-16T09:32:47.011+0000] {python.py:177} INFO - Done. Returned value was: Jerry
[2023-03-16T09:32:47.034+0000] {taskinstance.py:1326} INFO - Marking task as SUCCESS. dag_id=dag_with_python_operator_v4, task_id=get_name, execution_date=20230316T093245, start_date=20230316T093246, end_date=20230316T093247
[2023-03-16T09:32:47.077+0000] {local_task_job.py:212} INFO - Task exited with return code 0
[2023-03-16T09:32:47.102+0000] {taskinstance.py:2585} INFO - 1 downstream tasks scheduled from follow-on schedule check
