[2023-03-16T09:53:42.082+0000] {taskinstance.py:1084} INFO - Dependencies all met for dep_context=non-requeueable deps ti=<TaskInstance: dag_with_python_operator_v6.get_age scheduled__2023-03-14T00:00:00+00:00 [queued]>
[2023-03-16T09:53:42.094+0000] {taskinstance.py:1084} INFO - Dependencies all met for dep_context=requeueable deps ti=<TaskInstance: dag_with_python_operator_v6.get_age scheduled__2023-03-14T00:00:00+00:00 [queued]>
[2023-03-16T09:53:42.095+0000] {taskinstance.py:1282} INFO - 
--------------------------------------------------------------------------------
[2023-03-16T09:53:42.095+0000] {taskinstance.py:1283} INFO - Starting attempt 1 of 6
[2023-03-16T09:53:42.096+0000] {taskinstance.py:1284} INFO - 
--------------------------------------------------------------------------------
[2023-03-16T09:53:42.122+0000] {taskinstance.py:1303} INFO - Executing <Task(PythonOperator): get_age> on 2023-03-14 00:00:00+00:00
[2023-03-16T09:53:42.126+0000] {standard_task_runner.py:55} INFO - Started process 1720 to run task
[2023-03-16T09:53:42.131+0000] {standard_task_runner.py:82} INFO - Running: ['***', 'tasks', 'run', 'dag_with_python_operator_v6', 'get_age', 'scheduled__2023-03-14T00:00:00+00:00', '--job-id', '34', '--raw', '--subdir', 'DAGS_FOLDER/python_operator.py', '--cfg-path', '/tmp/tmplvoqguw1']
[2023-03-16T09:53:42.133+0000] {standard_task_runner.py:83} INFO - Job 34: Subtask get_age
[2023-03-16T09:53:42.252+0000] {task_command.py:388} INFO - Running <TaskInstance: dag_with_python_operator_v6.get_age scheduled__2023-03-14T00:00:00+00:00 [running]> on host c3799dfdd69d
[2023-03-16T09:53:42.364+0000] {taskinstance.py:1511} INFO - Exporting the following env vars:
AIRFLOW_CTX_DAG_OWNER=Mr.Phi
AIRFLOW_CTX_DAG_ID=dag_with_python_operator_v6
AIRFLOW_CTX_TASK_ID=get_age
AIRFLOW_CTX_EXECUTION_DATE=2023-03-14T00:00:00+00:00
AIRFLOW_CTX_TRY_NUMBER=1
AIRFLOW_CTX_DAG_RUN_ID=scheduled__2023-03-14T00:00:00+00:00
[2023-03-16T09:53:42.381+0000] {python.py:177} INFO - Done. Returned value was: None
[2023-03-16T09:53:42.396+0000] {taskinstance.py:1326} INFO - Marking task as SUCCESS. dag_id=dag_with_python_operator_v6, task_id=get_age, execution_date=20230314T000000, start_date=20230316T095342, end_date=20230316T095342
[2023-03-16T09:53:42.423+0000] {local_task_job.py:212} INFO - Task exited with return code 0
[2023-03-16T09:53:42.464+0000] {taskinstance.py:2585} INFO - 0 downstream tasks scheduled from follow-on schedule check
