[2023-03-20T09:02:50.769+0000] {taskinstance.py:1084} INFO - Dependencies all met for dep_context=non-requeueable deps ti=<TaskInstance: dag_with_taskflow_api_v01.greet scheduled__2023-03-19T00:00:00+00:00 [queued]>
[2023-03-20T09:02:50.782+0000] {taskinstance.py:1084} INFO - Dependencies all met for dep_context=requeueable deps ti=<TaskInstance: dag_with_taskflow_api_v01.greet scheduled__2023-03-19T00:00:00+00:00 [queued]>
[2023-03-20T09:02:50.782+0000] {taskinstance.py:1282} INFO - 
--------------------------------------------------------------------------------
[2023-03-20T09:02:50.783+0000] {taskinstance.py:1283} INFO - Starting attempt 1 of 6
[2023-03-20T09:02:50.784+0000] {taskinstance.py:1284} INFO - 
--------------------------------------------------------------------------------
[2023-03-20T09:02:50.803+0000] {taskinstance.py:1303} INFO - Executing <Task(_PythonDecoratedOperator): greet> on 2023-03-19 00:00:00+00:00
[2023-03-20T09:02:50.807+0000] {standard_task_runner.py:55} INFO - Started process 223 to run task
[2023-03-20T09:02:50.810+0000] {standard_task_runner.py:82} INFO - Running: ['***', 'tasks', 'run', 'dag_with_taskflow_api_v01', 'greet', 'scheduled__2023-03-19T00:00:00+00:00', '--job-id', '169', '--raw', '--subdir', 'DAGS_FOLDER/taskflow_api.py', '--cfg-path', '/tmp/tmpsddh3wdu']
[2023-03-20T09:02:50.813+0000] {standard_task_runner.py:83} INFO - Job 169: Subtask greet
[2023-03-20T09:02:50.888+0000] {task_command.py:388} INFO - Running <TaskInstance: dag_with_taskflow_api_v01.greet scheduled__2023-03-19T00:00:00+00:00 [running]> on host 0f9e9c2061ea
[2023-03-20T09:02:51.014+0000] {taskinstance.py:1511} INFO - Exporting the following env vars:
AIRFLOW_CTX_DAG_OWNER=Phi_Nguyen
AIRFLOW_CTX_DAG_ID=dag_with_taskflow_api_v01
AIRFLOW_CTX_TASK_ID=greet
AIRFLOW_CTX_EXECUTION_DATE=2023-03-19T00:00:00+00:00
AIRFLOW_CTX_TRY_NUMBER=1
AIRFLOW_CTX_DAG_RUN_ID=scheduled__2023-03-19T00:00:00+00:00
[2023-03-20T09:02:51.016+0000] {logging_mixin.py:137} INFO - Hello this is Jerry and i am 19
[2023-03-20T09:02:51.019+0000] {python.py:177} INFO - Done. Returned value was: None
[2023-03-20T09:02:51.032+0000] {taskinstance.py:1326} INFO - Marking task as SUCCESS. dag_id=dag_with_taskflow_api_v01, task_id=greet, execution_date=20230319T000000, start_date=20230320T090250, end_date=20230320T090251
[2023-03-20T09:02:51.063+0000] {local_task_job.py:212} INFO - Task exited with return code 0
[2023-03-20T09:02:51.085+0000] {taskinstance.py:2585} INFO - 0 downstream tasks scheduled from follow-on schedule check
