[2023-03-18T09:02:03.876+0000] {taskinstance.py:1084} INFO - Dependencies all met for dep_context=non-requeueable deps ti=<TaskInstance: dag_with_python_operator_v9.greet scheduled__2023-03-14T00:00:00+00:00 [queued]>
[2023-03-18T09:02:04.025+0000] {taskinstance.py:1084} INFO - Dependencies all met for dep_context=requeueable deps ti=<TaskInstance: dag_with_python_operator_v9.greet scheduled__2023-03-14T00:00:00+00:00 [queued]>
[2023-03-18T09:02:04.031+0000] {taskinstance.py:1282} INFO - 
--------------------------------------------------------------------------------
[2023-03-18T09:02:04.037+0000] {taskinstance.py:1283} INFO - Starting attempt 1 of 6
[2023-03-18T09:02:04.039+0000] {taskinstance.py:1284} INFO - 
--------------------------------------------------------------------------------
[2023-03-18T09:02:04.398+0000] {taskinstance.py:1303} INFO - Executing <Task(PythonOperator): greet> on 2023-03-14 00:00:00+00:00
[2023-03-18T09:02:04.448+0000] {standard_task_runner.py:55} INFO - Started process 1318 to run task
[2023-03-18T09:02:04.536+0000] {standard_task_runner.py:82} INFO - Running: ['***', 'tasks', 'run', 'dag_with_python_operator_v9', 'greet', 'scheduled__2023-03-14T00:00:00+00:00', '--job-id', '106', '--raw', '--subdir', 'DAGS_FOLDER/python_operator.py', '--cfg-path', '/tmp/tmplulq1b7g']
[2023-03-18T09:02:04.552+0000] {standard_task_runner.py:83} INFO - Job 106: Subtask greet
[2023-03-18T09:02:04.949+0000] {task_command.py:388} INFO - Running <TaskInstance: dag_with_python_operator_v9.greet scheduled__2023-03-14T00:00:00+00:00 [running]> on host d7f3adf06701
[2023-03-18T09:02:05.315+0000] {taskinstance.py:1511} INFO - Exporting the following env vars:
AIRFLOW_CTX_DAG_OWNER=Mr.Phi
AIRFLOW_CTX_DAG_ID=dag_with_python_operator_v9
AIRFLOW_CTX_TASK_ID=greet
AIRFLOW_CTX_EXECUTION_DATE=2023-03-14T00:00:00+00:00
AIRFLOW_CTX_TRY_NUMBER=1
AIRFLOW_CTX_DAG_RUN_ID=scheduled__2023-03-14T00:00:00+00:00
[2023-03-18T09:02:05.425+0000] {logging_mixin.py:137} INFO - Hello World! My name is Jerry Fridman, and I am 19
[2023-03-18T09:02:05.429+0000] {python.py:177} INFO - Done. Returned value was: None
[2023-03-18T09:02:05.458+0000] {taskinstance.py:1326} INFO - Marking task as SUCCESS. dag_id=dag_with_python_operator_v9, task_id=greet, execution_date=20230314T000000, start_date=20230318T090203, end_date=20230318T090205
[2023-03-18T09:02:05.586+0000] {local_task_job.py:212} INFO - Task exited with return code 0
[2023-03-18T09:02:05.725+0000] {taskinstance.py:2585} INFO - 0 downstream tasks scheduled from follow-on schedule check
