[2023-03-16T11:51:16.511+0000] {taskinstance.py:1084} INFO - Dependencies all met for dep_context=non-requeueable deps ti=<TaskInstance: dag_with_cron_expression_v01.task1 scheduled__2023-03-15T00:00:00+00:00 [queued]>
[2023-03-16T11:51:16.521+0000] {taskinstance.py:1084} INFO - Dependencies all met for dep_context=requeueable deps ti=<TaskInstance: dag_with_cron_expression_v01.task1 scheduled__2023-03-15T00:00:00+00:00 [queued]>
[2023-03-16T11:51:16.522+0000] {taskinstance.py:1282} INFO - 
--------------------------------------------------------------------------------
[2023-03-16T11:51:16.522+0000] {taskinstance.py:1283} INFO - Starting attempt 1 of 6
[2023-03-16T11:51:16.523+0000] {taskinstance.py:1284} INFO - 
--------------------------------------------------------------------------------
[2023-03-16T11:51:16.538+0000] {taskinstance.py:1303} INFO - Executing <Task(BashOperator): task1> on 2023-03-15 00:00:00+00:00
[2023-03-16T11:51:16.541+0000] {standard_task_runner.py:55} INFO - Started process 1741 to run task
[2023-03-16T11:51:16.544+0000] {standard_task_runner.py:82} INFO - Running: ['***', 'tasks', 'run', 'dag_with_cron_expression_v01', 'task1', 'scheduled__2023-03-15T00:00:00+00:00', '--job-id', '69', '--raw', '--subdir', 'DAGS_FOLDER/dag_with_cron_expression.py', '--cfg-path', '/tmp/tmplcyf0fji']
[2023-03-16T11:51:16.546+0000] {standard_task_runner.py:83} INFO - Job 69: Subtask task1
[2023-03-16T11:51:16.612+0000] {task_command.py:388} INFO - Running <TaskInstance: dag_with_cron_expression_v01.task1 scheduled__2023-03-15T00:00:00+00:00 [running]> on host d72d518b6bfe
[2023-03-16T11:51:16.693+0000] {taskinstance.py:1511} INFO - Exporting the following env vars:
AIRFLOW_CTX_DAG_OWNER=Phi Nguyen
AIRFLOW_CTX_DAG_ID=dag_with_cron_expression_v01
AIRFLOW_CTX_TASK_ID=task1
AIRFLOW_CTX_EXECUTION_DATE=2023-03-15T00:00:00+00:00
AIRFLOW_CTX_TRY_NUMBER=1
AIRFLOW_CTX_DAG_RUN_ID=scheduled__2023-03-15T00:00:00+00:00
[2023-03-16T11:51:16.694+0000] {subprocess.py:63} INFO - Tmp dir root location: 
 /tmp
[2023-03-16T11:51:16.695+0000] {subprocess.py:75} INFO - Running command: ['/bin/bash', '-c', 'echo This is dag with cron expression!']
[2023-03-16T11:51:16.701+0000] {subprocess.py:86} INFO - Output:
[2023-03-16T11:51:16.703+0000] {subprocess.py:93} INFO - This is dag with cron expression!
[2023-03-16T11:51:16.704+0000] {subprocess.py:97} INFO - Command exited with return code 0
[2023-03-16T11:51:16.729+0000] {taskinstance.py:1326} INFO - Marking task as SUCCESS. dag_id=dag_with_cron_expression_v01, task_id=task1, execution_date=20230315T000000, start_date=20230316T115116, end_date=20230316T115116
[2023-03-16T11:51:16.757+0000] {local_task_job.py:212} INFO - Task exited with return code 0
[2023-03-16T11:51:16.780+0000] {taskinstance.py:2585} INFO - 0 downstream tasks scheduled from follow-on schedule check
