[2023-03-21T06:05:21.476+0000] {taskinstance.py:1084} INFO - Dependencies all met for dep_context=non-requeueable deps ti=<TaskInstance: phi_first_dag_v3.second_task scheduled__2023-03-20T00:00:00+00:00 [queued]>
[2023-03-21T06:05:21.490+0000] {taskinstance.py:1084} INFO - Dependencies all met for dep_context=requeueable deps ti=<TaskInstance: phi_first_dag_v3.second_task scheduled__2023-03-20T00:00:00+00:00 [queued]>
[2023-03-21T06:05:21.490+0000] {taskinstance.py:1282} INFO - 
--------------------------------------------------------------------------------
[2023-03-21T06:05:21.491+0000] {taskinstance.py:1283} INFO - Starting attempt 1 of 6
[2023-03-21T06:05:21.491+0000] {taskinstance.py:1284} INFO - 
--------------------------------------------------------------------------------
[2023-03-21T06:05:21.520+0000] {taskinstance.py:1303} INFO - Executing <Task(BashOperator): second_task> on 2023-03-20 00:00:00+00:00
[2023-03-21T06:05:21.524+0000] {standard_task_runner.py:55} INFO - Started process 228 to run task
[2023-03-21T06:05:21.528+0000] {standard_task_runner.py:82} INFO - Running: ['***', 'tasks', 'run', 'phi_first_dag_v3', 'second_task', 'scheduled__2023-03-20T00:00:00+00:00', '--job-id', '246', '--raw', '--subdir', 'DAGS_FOLDER/phi_first_dag.py', '--cfg-path', '/tmp/tmpxyorkdq8']
[2023-03-21T06:05:21.531+0000] {standard_task_runner.py:83} INFO - Job 246: Subtask second_task
[2023-03-21T06:05:21.620+0000] {task_command.py:388} INFO - Running <TaskInstance: phi_first_dag_v3.second_task scheduled__2023-03-20T00:00:00+00:00 [running]> on host cfacfd39f993
[2023-03-21T06:05:21.723+0000] {taskinstance.py:1511} INFO - Exporting the following env vars:
AIRFLOW_CTX_DAG_OWNER=Mr.Phi
AIRFLOW_CTX_DAG_ID=phi_first_dag_v3
AIRFLOW_CTX_TASK_ID=second_task
AIRFLOW_CTX_EXECUTION_DATE=2023-03-20T00:00:00+00:00
AIRFLOW_CTX_TRY_NUMBER=1
AIRFLOW_CTX_DAG_RUN_ID=scheduled__2023-03-20T00:00:00+00:00
[2023-03-21T06:05:21.724+0000] {subprocess.py:63} INFO - Tmp dir root location: 
 /tmp
[2023-03-21T06:05:21.726+0000] {subprocess.py:75} INFO - Running command: ['/bin/bash', '-c', 'echo this is task 2']
[2023-03-21T06:05:21.734+0000] {subprocess.py:86} INFO - Output:
[2023-03-21T06:05:21.736+0000] {subprocess.py:93} INFO - this is task 2
[2023-03-21T06:05:21.737+0000] {subprocess.py:97} INFO - Command exited with return code 0
[2023-03-21T06:05:21.768+0000] {taskinstance.py:1326} INFO - Marking task as SUCCESS. dag_id=phi_first_dag_v3, task_id=second_task, execution_date=20230320T000000, start_date=20230321T060521, end_date=20230321T060521
[2023-03-21T06:05:21.820+0000] {local_task_job.py:212} INFO - Task exited with return code 0
[2023-03-21T06:05:21.844+0000] {taskinstance.py:2585} INFO - 0 downstream tasks scheduled from follow-on schedule check
