[2023-03-21T06:05:20.255+0000] {taskinstance.py:1084} INFO - Dependencies all met for dep_context=non-requeueable deps ti=<TaskInstance: phi_first_dag_v3.first_task scheduled__2023-03-20T00:00:00+00:00 [queued]>
[2023-03-21T06:05:20.271+0000] {taskinstance.py:1084} INFO - Dependencies all met for dep_context=requeueable deps ti=<TaskInstance: phi_first_dag_v3.first_task scheduled__2023-03-20T00:00:00+00:00 [queued]>
[2023-03-21T06:05:20.272+0000] {taskinstance.py:1282} INFO - 
--------------------------------------------------------------------------------
[2023-03-21T06:05:20.273+0000] {taskinstance.py:1283} INFO - Starting attempt 1 of 6
[2023-03-21T06:05:20.273+0000] {taskinstance.py:1284} INFO - 
--------------------------------------------------------------------------------
[2023-03-21T06:05:20.303+0000] {taskinstance.py:1303} INFO - Executing <Task(BashOperator): first_task> on 2023-03-20 00:00:00+00:00
[2023-03-21T06:05:20.309+0000] {standard_task_runner.py:55} INFO - Started process 219 to run task
[2023-03-21T06:05:20.314+0000] {standard_task_runner.py:82} INFO - Running: ['***', 'tasks', 'run', 'phi_first_dag_v3', 'first_task', 'scheduled__2023-03-20T00:00:00+00:00', '--job-id', '242', '--raw', '--subdir', 'DAGS_FOLDER/phi_first_dag.py', '--cfg-path', '/tmp/tmpzjtd9z_k']
[2023-03-21T06:05:20.317+0000] {standard_task_runner.py:83} INFO - Job 242: Subtask first_task
[2023-03-21T06:05:20.418+0000] {task_command.py:388} INFO - Running <TaskInstance: phi_first_dag_v3.first_task scheduled__2023-03-20T00:00:00+00:00 [running]> on host cfacfd39f993
[2023-03-21T06:05:20.527+0000] {taskinstance.py:1511} INFO - Exporting the following env vars:
AIRFLOW_CTX_DAG_OWNER=Mr.Phi
AIRFLOW_CTX_DAG_ID=phi_first_dag_v3
AIRFLOW_CTX_TASK_ID=first_task
AIRFLOW_CTX_EXECUTION_DATE=2023-03-20T00:00:00+00:00
AIRFLOW_CTX_TRY_NUMBER=1
AIRFLOW_CTX_DAG_RUN_ID=scheduled__2023-03-20T00:00:00+00:00
[2023-03-21T06:05:20.529+0000] {subprocess.py:63} INFO - Tmp dir root location: 
 /tmp
[2023-03-21T06:05:20.530+0000] {subprocess.py:75} INFO - Running command: ['/bin/bash', '-c', 'echo hello world, this is the first task!']
[2023-03-21T06:05:20.540+0000] {subprocess.py:86} INFO - Output:
[2023-03-21T06:05:20.542+0000] {subprocess.py:93} INFO - hello world, this is the first task!
[2023-03-21T06:05:20.543+0000] {subprocess.py:97} INFO - Command exited with return code 0
[2023-03-21T06:05:20.585+0000] {taskinstance.py:1326} INFO - Marking task as SUCCESS. dag_id=phi_first_dag_v3, task_id=first_task, execution_date=20230320T000000, start_date=20230321T060520, end_date=20230321T060520
[2023-03-21T06:05:20.646+0000] {local_task_job.py:212} INFO - Task exited with return code 0
[2023-03-21T06:05:20.675+0000] {taskinstance.py:2585} INFO - 2 downstream tasks scheduled from follow-on schedule check
