[2023-03-19T04:04:29.045+0000] {taskinstance.py:1084} INFO - Dependencies all met for dep_context=non-requeueable deps ti=<TaskInstance: dag_with_python_operator_v11.get_name scheduled__2023-03-18T00:00:00+00:00 [queued]>
[2023-03-19T04:04:29.067+0000] {taskinstance.py:1084} INFO - Dependencies all met for dep_context=requeueable deps ti=<TaskInstance: dag_with_python_operator_v11.get_name scheduled__2023-03-18T00:00:00+00:00 [queued]>
[2023-03-19T04:04:29.068+0000] {taskinstance.py:1282} INFO - 
--------------------------------------------------------------------------------
[2023-03-19T04:04:29.069+0000] {taskinstance.py:1283} INFO - Starting attempt 1 of 6
[2023-03-19T04:04:29.071+0000] {taskinstance.py:1284} INFO - 
--------------------------------------------------------------------------------
[2023-03-19T04:04:29.108+0000] {taskinstance.py:1303} INFO - Executing <Task(PythonOperator): get_name> on 2023-03-18 00:00:00+00:00
[2023-03-19T04:04:29.113+0000] {standard_task_runner.py:55} INFO - Started process 209 to run task
[2023-03-19T04:04:29.119+0000] {standard_task_runner.py:82} INFO - Running: ['***', 'tasks', 'run', 'dag_with_python_operator_v11', 'get_name', 'scheduled__2023-03-18T00:00:00+00:00', '--job-id', '143', '--raw', '--subdir', 'DAGS_FOLDER/python_operator.py', '--cfg-path', '/tmp/tmpjgic1wp7']
[2023-03-19T04:04:29.123+0000] {standard_task_runner.py:83} INFO - Job 143: Subtask get_name
[2023-03-19T04:04:29.249+0000] {task_command.py:388} INFO - Running <TaskInstance: dag_with_python_operator_v11.get_name scheduled__2023-03-18T00:00:00+00:00 [running]> on host 0f9e9c2061ea
[2023-03-19T04:04:29.431+0000] {taskinstance.py:1511} INFO - Exporting the following env vars:
AIRFLOW_CTX_DAG_OWNER=Mr.Phi
AIRFLOW_CTX_DAG_ID=dag_with_python_operator_v11
AIRFLOW_CTX_TASK_ID=get_name
AIRFLOW_CTX_EXECUTION_DATE=2023-03-18T00:00:00+00:00
AIRFLOW_CTX_TRY_NUMBER=1
AIRFLOW_CTX_DAG_RUN_ID=scheduled__2023-03-18T00:00:00+00:00
[2023-03-19T04:04:29.483+0000] {python.py:177} INFO - Done. Returned value was: None
[2023-03-19T04:04:29.506+0000] {taskinstance.py:1326} INFO - Marking task as SUCCESS. dag_id=dag_with_python_operator_v11, task_id=get_name, execution_date=20230318T000000, start_date=20230319T040429, end_date=20230319T040429
[2023-03-19T04:04:29.575+0000] {local_task_job.py:212} INFO - Task exited with return code 0
[2023-03-19T04:04:29.616+0000] {taskinstance.py:2585} INFO - 0 downstream tasks scheduled from follow-on schedule check
