[2023-03-15T13:28:44.116+0000] {taskinstance.py:1084} INFO - Dependencies all met for dep_context=non-requeueable deps ti=<TaskInstance: example_bash_operator.also_run_this scheduled__2023-03-14T00:00:00+00:00 [queued]>
[2023-03-15T13:28:44.131+0000] {taskinstance.py:1084} INFO - Dependencies all met for dep_context=requeueable deps ti=<TaskInstance: example_bash_operator.also_run_this scheduled__2023-03-14T00:00:00+00:00 [queued]>
[2023-03-15T13:28:44.131+0000] {taskinstance.py:1282} INFO - 
--------------------------------------------------------------------------------
[2023-03-15T13:28:44.132+0000] {taskinstance.py:1283} INFO - Starting attempt 1 of 1
[2023-03-15T13:28:44.132+0000] {taskinstance.py:1284} INFO - 
--------------------------------------------------------------------------------
[2023-03-15T13:28:44.158+0000] {taskinstance.py:1303} INFO - Executing <Task(BashOperator): also_run_this> on 2023-03-14 00:00:00+00:00
[2023-03-15T13:28:44.164+0000] {standard_task_runner.py:55} INFO - Started process 23631 to run task
[2023-03-15T13:28:44.169+0000] {standard_task_runner.py:82} INFO - Running: ['***', 'tasks', 'run', 'example_bash_operator', 'also_run_this', 'scheduled__2023-03-14T00:00:00+00:00', '--job-id', '8', '--raw', '--subdir', '/home/***/.local/lib/python3.7/site-packages/***/example_dags/example_bash_operator.py', '--cfg-path', '/tmp/tmp25vs846m']
[2023-03-15T13:28:44.170+0000] {standard_task_runner.py:83} INFO - Job 8: Subtask also_run_this
[2023-03-15T13:28:44.253+0000] {task_command.py:388} INFO - Running <TaskInstance: example_bash_operator.also_run_this scheduled__2023-03-14T00:00:00+00:00 [running]> on host 3fa116d1453f
[2023-03-15T13:28:44.358+0000] {taskinstance.py:1511} INFO - Exporting the following env vars:
AIRFLOW_CTX_DAG_OWNER=***
AIRFLOW_CTX_DAG_ID=example_bash_operator
AIRFLOW_CTX_TASK_ID=also_run_this
AIRFLOW_CTX_EXECUTION_DATE=2023-03-14T00:00:00+00:00
AIRFLOW_CTX_TRY_NUMBER=1
AIRFLOW_CTX_DAG_RUN_ID=scheduled__2023-03-14T00:00:00+00:00
[2023-03-15T13:28:44.360+0000] {subprocess.py:63} INFO - Tmp dir root location: 
 /tmp
[2023-03-15T13:28:44.361+0000] {subprocess.py:75} INFO - Running command: ['/bin/bash', '-c', 'echo "ti_key=example_bash_operator__also_run_this__20230314"']
[2023-03-15T13:28:44.371+0000] {subprocess.py:86} INFO - Output:
[2023-03-15T13:28:44.372+0000] {subprocess.py:93} INFO - ti_key=example_bash_operator__also_run_this__20230314
[2023-03-15T13:28:44.373+0000] {subprocess.py:97} INFO - Command exited with return code 0
[2023-03-15T13:28:44.399+0000] {taskinstance.py:1326} INFO - Marking task as SUCCESS. dag_id=example_bash_operator, task_id=also_run_this, execution_date=20230314T000000, start_date=20230315T132844, end_date=20230315T132844
[2023-03-15T13:28:44.421+0000] {local_task_job.py:212} INFO - Task exited with return code 0
[2023-03-15T13:28:44.448+0000] {taskinstance.py:2585} INFO - 0 downstream tasks scheduled from follow-on schedule check
