[2023-03-20T09:10:02.350+0000] {taskinstance.py:1084} INFO - Dependencies all met for dep_context=non-requeueable deps ti=<TaskInstance: dag_with_python_operator_v12.get_age scheduled__2023-03-19T00:00:00+00:00 [queued]>
[2023-03-20T09:10:02.373+0000] {taskinstance.py:1084} INFO - Dependencies all met for dep_context=requeueable deps ti=<TaskInstance: dag_with_python_operator_v12.get_age scheduled__2023-03-19T00:00:00+00:00 [queued]>
[2023-03-20T09:10:02.374+0000] {taskinstance.py:1282} INFO - 
--------------------------------------------------------------------------------
[2023-03-20T09:10:02.374+0000] {taskinstance.py:1283} INFO - Starting attempt 1 of 6
[2023-03-20T09:10:02.375+0000] {taskinstance.py:1284} INFO - 
--------------------------------------------------------------------------------
[2023-03-20T09:10:02.414+0000] {taskinstance.py:1303} INFO - Executing <Task(PythonOperator): get_age> on 2023-03-19 00:00:00+00:00
[2023-03-20T09:10:02.424+0000] {standard_task_runner.py:55} INFO - Started process 457 to run task
[2023-03-20T09:10:02.431+0000] {standard_task_runner.py:82} INFO - Running: ['***', 'tasks', 'run', 'dag_with_python_operator_v12', 'get_age', 'scheduled__2023-03-19T00:00:00+00:00', '--job-id', '193', '--raw', '--subdir', 'DAGS_FOLDER/python_operator.py', '--cfg-path', '/tmp/tmp869q84cc']
[2023-03-20T09:10:02.436+0000] {standard_task_runner.py:83} INFO - Job 193: Subtask get_age
[2023-03-20T09:10:02.603+0000] {task_command.py:388} INFO - Running <TaskInstance: dag_with_python_operator_v12.get_age scheduled__2023-03-19T00:00:00+00:00 [running]> on host 0f9e9c2061ea
[2023-03-20T09:10:02.811+0000] {taskinstance.py:1511} INFO - Exporting the following env vars:
AIRFLOW_CTX_DAG_OWNER=Mr.Phi
AIRFLOW_CTX_DAG_ID=dag_with_python_operator_v12
AIRFLOW_CTX_TASK_ID=get_age
AIRFLOW_CTX_EXECUTION_DATE=2023-03-19T00:00:00+00:00
AIRFLOW_CTX_TRY_NUMBER=1
AIRFLOW_CTX_DAG_RUN_ID=scheduled__2023-03-19T00:00:00+00:00
[2023-03-20T09:10:02.853+0000] {python.py:177} INFO - Done. Returned value was: None
[2023-03-20T09:10:02.880+0000] {taskinstance.py:1326} INFO - Marking task as SUCCESS. dag_id=dag_with_python_operator_v12, task_id=get_age, execution_date=20230319T000000, start_date=20230320T091002, end_date=20230320T091002
[2023-03-20T09:10:02.926+0000] {local_task_job.py:212} INFO - Task exited with return code 0
[2023-03-20T09:10:02.969+0000] {taskinstance.py:2585} INFO - 0 downstream tasks scheduled from follow-on schedule check
