[2023-03-18T18:49:38.933+0000] {taskinstance.py:1084} INFO - Dependencies all met for dep_context=non-requeueable deps ti=<TaskInstance: dag_with_python_operator_v11.greet scheduled__2023-03-14T00:00:00+00:00 [queued]>
[2023-03-18T18:49:38.975+0000] {taskinstance.py:1084} INFO - Dependencies all met for dep_context=requeueable deps ti=<TaskInstance: dag_with_python_operator_v11.greet scheduled__2023-03-14T00:00:00+00:00 [queued]>
[2023-03-18T18:49:38.981+0000] {taskinstance.py:1282} INFO - 
--------------------------------------------------------------------------------
[2023-03-18T18:49:38.989+0000] {taskinstance.py:1283} INFO - Starting attempt 1 of 6
[2023-03-18T18:49:38.990+0000] {taskinstance.py:1284} INFO - 
--------------------------------------------------------------------------------
[2023-03-18T18:49:39.097+0000] {taskinstance.py:1303} INFO - Executing <Task(PythonOperator): greet> on 2023-03-14 00:00:00+00:00
[2023-03-18T18:49:39.132+0000] {standard_task_runner.py:55} INFO - Started process 315 to run task
[2023-03-18T18:49:39.168+0000] {standard_task_runner.py:82} INFO - Running: ['***', 'tasks', 'run', 'dag_with_python_operator_v11', 'greet', 'scheduled__2023-03-14T00:00:00+00:00', '--job-id', '124', '--raw', '--subdir', 'DAGS_FOLDER/python_operator.py', '--cfg-path', '/tmp/tmp8w22tiyn']
[2023-03-18T18:49:39.189+0000] {standard_task_runner.py:83} INFO - Job 124: Subtask greet
[2023-03-18T18:49:39.493+0000] {task_command.py:388} INFO - Running <TaskInstance: dag_with_python_operator_v11.greet scheduled__2023-03-14T00:00:00+00:00 [running]> on host 0f9e9c2061ea
[2023-03-18T18:49:39.980+0000] {taskinstance.py:1511} INFO - Exporting the following env vars:
AIRFLOW_CTX_DAG_OWNER=Mr.Phi
AIRFLOW_CTX_DAG_ID=dag_with_python_operator_v11
AIRFLOW_CTX_TASK_ID=greet
AIRFLOW_CTX_EXECUTION_DATE=2023-03-14T00:00:00+00:00
AIRFLOW_CTX_TRY_NUMBER=1
AIRFLOW_CTX_DAG_RUN_ID=scheduled__2023-03-14T00:00:00+00:00
[2023-03-18T18:49:40.066+0000] {logging_mixin.py:137} INFO - Hello World! My name is None None, and I am None
[2023-03-18T18:49:40.070+0000] {python.py:177} INFO - Done. Returned value was: None
[2023-03-18T18:49:40.099+0000] {taskinstance.py:1326} INFO - Marking task as SUCCESS. dag_id=dag_with_python_operator_v11, task_id=greet, execution_date=20230314T000000, start_date=20230318T184938, end_date=20230318T184940
[2023-03-18T18:49:40.199+0000] {local_task_job.py:212} INFO - Task exited with return code 0
[2023-03-18T18:49:40.334+0000] {taskinstance.py:2585} INFO - 0 downstream tasks scheduled from follow-on schedule check
