[2023-03-16T09:54:06.264+0000] {taskinstance.py:1084} INFO - Dependencies all met for dep_context=non-requeueable deps ti=<TaskInstance: dag_with_python_operator_v6.get_name manual__2023-03-16T09:54:05.493351+00:00 [queued]>
[2023-03-16T09:54:06.275+0000] {taskinstance.py:1084} INFO - Dependencies all met for dep_context=requeueable deps ti=<TaskInstance: dag_with_python_operator_v6.get_name manual__2023-03-16T09:54:05.493351+00:00 [queued]>
[2023-03-16T09:54:06.276+0000] {taskinstance.py:1282} INFO - 
--------------------------------------------------------------------------------
[2023-03-16T09:54:06.276+0000] {taskinstance.py:1283} INFO - Starting attempt 1 of 6
[2023-03-16T09:54:06.277+0000] {taskinstance.py:1284} INFO - 
--------------------------------------------------------------------------------
[2023-03-16T09:54:06.295+0000] {taskinstance.py:1303} INFO - Executing <Task(PythonOperator): get_name> on 2023-03-16 09:54:05.493351+00:00
[2023-03-16T09:54:06.298+0000] {standard_task_runner.py:55} INFO - Started process 1747 to run task
[2023-03-16T09:54:06.301+0000] {standard_task_runner.py:82} INFO - Running: ['***', 'tasks', 'run', 'dag_with_python_operator_v6', 'get_name', 'manual__2023-03-16T09:54:05.493351+00:00', '--job-id', '39', '--raw', '--subdir', 'DAGS_FOLDER/python_operator.py', '--cfg-path', '/tmp/tmpqh4t0ct1']
[2023-03-16T09:54:06.303+0000] {standard_task_runner.py:83} INFO - Job 39: Subtask get_name
[2023-03-16T09:54:06.378+0000] {task_command.py:388} INFO - Running <TaskInstance: dag_with_python_operator_v6.get_name manual__2023-03-16T09:54:05.493351+00:00 [running]> on host c3799dfdd69d
[2023-03-16T09:54:06.472+0000] {taskinstance.py:1511} INFO - Exporting the following env vars:
AIRFLOW_CTX_DAG_OWNER=Mr.Phi
AIRFLOW_CTX_DAG_ID=dag_with_python_operator_v6
AIRFLOW_CTX_TASK_ID=get_name
AIRFLOW_CTX_EXECUTION_DATE=2023-03-16T09:54:05.493351+00:00
AIRFLOW_CTX_TRY_NUMBER=1
AIRFLOW_CTX_DAG_RUN_ID=manual__2023-03-16T09:54:05.493351+00:00
[2023-03-16T09:54:06.503+0000] {python.py:177} INFO - Done. Returned value was: None
[2023-03-16T09:54:06.516+0000] {taskinstance.py:1326} INFO - Marking task as SUCCESS. dag_id=dag_with_python_operator_v6, task_id=get_name, execution_date=20230316T095405, start_date=20230316T095406, end_date=20230316T095406
[2023-03-16T09:54:06.553+0000] {local_task_job.py:212} INFO - Task exited with return code 0
[2023-03-16T09:54:06.577+0000] {taskinstance.py:2585} INFO - 1 downstream tasks scheduled from follow-on schedule check
