[2023-03-20T09:02:49.847+0000] {taskinstance.py:1084} INFO - Dependencies all met for dep_context=non-requeueable deps ti=<TaskInstance: dag_with_taskflow_api_v01.get_name scheduled__2023-03-19T00:00:00+00:00 [queued]>
[2023-03-20T09:02:49.871+0000] {taskinstance.py:1084} INFO - Dependencies all met for dep_context=requeueable deps ti=<TaskInstance: dag_with_taskflow_api_v01.get_name scheduled__2023-03-19T00:00:00+00:00 [queued]>
[2023-03-20T09:02:49.872+0000] {taskinstance.py:1282} INFO - 
--------------------------------------------------------------------------------
[2023-03-20T09:02:49.873+0000] {taskinstance.py:1283} INFO - Starting attempt 1 of 6
[2023-03-20T09:02:49.874+0000] {taskinstance.py:1284} INFO - 
--------------------------------------------------------------------------------
[2023-03-20T09:02:49.917+0000] {taskinstance.py:1303} INFO - Executing <Task(_PythonDecoratedOperator): get_name> on 2023-03-19 00:00:00+00:00
[2023-03-20T09:02:49.927+0000] {standard_task_runner.py:55} INFO - Started process 210 to run task
[2023-03-20T09:02:49.936+0000] {standard_task_runner.py:82} INFO - Running: ['***', 'tasks', 'run', 'dag_with_taskflow_api_v01', 'get_name', 'scheduled__2023-03-19T00:00:00+00:00', '--job-id', '163', '--raw', '--subdir', 'DAGS_FOLDER/taskflow_api.py', '--cfg-path', '/tmp/tmpoxm8gcq9']
[2023-03-20T09:02:49.941+0000] {standard_task_runner.py:83} INFO - Job 163: Subtask get_name
[2023-03-20T09:02:50.119+0000] {task_command.py:388} INFO - Running <TaskInstance: dag_with_taskflow_api_v01.get_name scheduled__2023-03-19T00:00:00+00:00 [running]> on host 0f9e9c2061ea
[2023-03-20T09:02:50.281+0000] {taskinstance.py:1511} INFO - Exporting the following env vars:
AIRFLOW_CTX_DAG_OWNER=Phi_Nguyen
AIRFLOW_CTX_DAG_ID=dag_with_taskflow_api_v01
AIRFLOW_CTX_TASK_ID=get_name
AIRFLOW_CTX_EXECUTION_DATE=2023-03-19T00:00:00+00:00
AIRFLOW_CTX_TRY_NUMBER=1
AIRFLOW_CTX_DAG_RUN_ID=scheduled__2023-03-19T00:00:00+00:00
[2023-03-20T09:02:50.283+0000] {python.py:177} INFO - Done. Returned value was: Jerry
[2023-03-20T09:02:50.337+0000] {taskinstance.py:1326} INFO - Marking task as SUCCESS. dag_id=dag_with_taskflow_api_v01, task_id=get_name, execution_date=20230319T000000, start_date=20230320T090249, end_date=20230320T090250
[2023-03-20T09:02:50.392+0000] {local_task_job.py:212} INFO - Task exited with return code 0
[2023-03-20T09:02:50.437+0000] {taskinstance.py:2585} INFO - 0 downstream tasks scheduled from follow-on schedule check
