[2023-03-15T13:28:44.119+0000] {taskinstance.py:1084} INFO - Dependencies all met for dep_context=non-requeueable deps ti=<TaskInstance: example_bash_operator.this_will_skip scheduled__2023-03-14T00:00:00+00:00 [queued]>
[2023-03-15T13:28:44.132+0000] {taskinstance.py:1084} INFO - Dependencies all met for dep_context=requeueable deps ti=<TaskInstance: example_bash_operator.this_will_skip scheduled__2023-03-14T00:00:00+00:00 [queued]>
[2023-03-15T13:28:44.133+0000] {taskinstance.py:1282} INFO - 
--------------------------------------------------------------------------------
[2023-03-15T13:28:44.133+0000] {taskinstance.py:1283} INFO - Starting attempt 1 of 1
[2023-03-15T13:28:44.133+0000] {taskinstance.py:1284} INFO - 
--------------------------------------------------------------------------------
[2023-03-15T13:28:44.160+0000] {taskinstance.py:1303} INFO - Executing <Task(BashOperator): this_will_skip> on 2023-03-14 00:00:00+00:00
[2023-03-15T13:28:44.166+0000] {standard_task_runner.py:55} INFO - Started process 23632 to run task
[2023-03-15T13:28:44.171+0000] {standard_task_runner.py:82} INFO - Running: ['***', 'tasks', 'run', 'example_bash_operator', 'this_will_skip', 'scheduled__2023-03-14T00:00:00+00:00', '--job-id', '9', '--raw', '--subdir', '/home/***/.local/lib/python3.7/site-packages/***/example_dags/example_bash_operator.py', '--cfg-path', '/tmp/tmpwhaaoar2']
[2023-03-15T13:28:44.173+0000] {standard_task_runner.py:83} INFO - Job 9: Subtask this_will_skip
[2023-03-15T13:28:44.263+0000] {task_command.py:388} INFO - Running <TaskInstance: example_bash_operator.this_will_skip scheduled__2023-03-14T00:00:00+00:00 [running]> on host 3fa116d1453f
[2023-03-15T13:28:44.367+0000] {taskinstance.py:1511} INFO - Exporting the following env vars:
AIRFLOW_CTX_DAG_OWNER=***
AIRFLOW_CTX_DAG_ID=example_bash_operator
AIRFLOW_CTX_TASK_ID=this_will_skip
AIRFLOW_CTX_EXECUTION_DATE=2023-03-14T00:00:00+00:00
AIRFLOW_CTX_TRY_NUMBER=1
AIRFLOW_CTX_DAG_RUN_ID=scheduled__2023-03-14T00:00:00+00:00
[2023-03-15T13:28:44.369+0000] {subprocess.py:63} INFO - Tmp dir root location: 
 /tmp
[2023-03-15T13:28:44.370+0000] {subprocess.py:75} INFO - Running command: ['/bin/bash', '-c', 'echo "hello world"; exit 99;']
[2023-03-15T13:28:44.378+0000] {subprocess.py:86} INFO - Output:
[2023-03-15T13:28:44.380+0000] {subprocess.py:93} INFO - hello world
[2023-03-15T13:28:44.380+0000] {subprocess.py:97} INFO - Command exited with return code 99
[2023-03-15T13:28:44.381+0000] {taskinstance.py:1401} INFO - Bash command returned exit code 99. Skipping.
[2023-03-15T13:28:44.393+0000] {taskinstance.py:1326} INFO - Marking task as SKIPPED. dag_id=example_bash_operator, task_id=this_will_skip, execution_date=20230314T000000, start_date=20230315T132844, end_date=20230315T132844
[2023-03-15T13:28:44.423+0000] {local_task_job.py:212} INFO - Task exited with return code 0
[2023-03-15T13:28:44.465+0000] {taskinstance.py:2585} INFO - 0 downstream tasks scheduled from follow-on schedule check
