[2023-03-16T11:52:16.524+0000] {taskinstance.py:1084} INFO - Dependencies all met for dep_context=non-requeueable deps ti=<TaskInstance: dag_with_cron_expression_v02.task1 scheduled__2023-03-14T00:00:00+00:00 [queued]>
[2023-03-16T11:52:16.539+0000] {taskinstance.py:1084} INFO - Dependencies all met for dep_context=requeueable deps ti=<TaskInstance: dag_with_cron_expression_v02.task1 scheduled__2023-03-14T00:00:00+00:00 [queued]>
[2023-03-16T11:52:16.540+0000] {taskinstance.py:1282} INFO - 
--------------------------------------------------------------------------------
[2023-03-16T11:52:16.541+0000] {taskinstance.py:1283} INFO - Starting attempt 1 of 6
[2023-03-16T11:52:16.541+0000] {taskinstance.py:1284} INFO - 
--------------------------------------------------------------------------------
[2023-03-16T11:52:16.574+0000] {taskinstance.py:1303} INFO - Executing <Task(BashOperator): task1> on 2023-03-14 00:00:00+00:00
[2023-03-16T11:52:16.581+0000] {standard_task_runner.py:55} INFO - Started process 1825 to run task
[2023-03-16T11:52:16.585+0000] {standard_task_runner.py:82} INFO - Running: ['***', 'tasks', 'run', 'dag_with_cron_expression_v02', 'task1', 'scheduled__2023-03-14T00:00:00+00:00', '--job-id', '74', '--raw', '--subdir', 'DAGS_FOLDER/dag_with_cron_expression.py', '--cfg-path', '/tmp/tmpxzno2uid']
[2023-03-16T11:52:16.588+0000] {standard_task_runner.py:83} INFO - Job 74: Subtask task1
[2023-03-16T11:52:16.682+0000] {task_command.py:388} INFO - Running <TaskInstance: dag_with_cron_expression_v02.task1 scheduled__2023-03-14T00:00:00+00:00 [running]> on host d72d518b6bfe
[2023-03-16T11:52:16.789+0000] {taskinstance.py:1511} INFO - Exporting the following env vars:
AIRFLOW_CTX_DAG_OWNER=Phi Nguyen
AIRFLOW_CTX_DAG_ID=dag_with_cron_expression_v02
AIRFLOW_CTX_TASK_ID=task1
AIRFLOW_CTX_EXECUTION_DATE=2023-03-14T00:00:00+00:00
AIRFLOW_CTX_TRY_NUMBER=1
AIRFLOW_CTX_DAG_RUN_ID=scheduled__2023-03-14T00:00:00+00:00
[2023-03-16T11:52:16.790+0000] {subprocess.py:63} INFO - Tmp dir root location: 
 /tmp
[2023-03-16T11:52:16.791+0000] {subprocess.py:75} INFO - Running command: ['/bin/bash', '-c', 'echo This is dag with cron expression!']
[2023-03-16T11:52:16.799+0000] {subprocess.py:86} INFO - Output:
[2023-03-16T11:52:16.801+0000] {subprocess.py:93} INFO - This is dag with cron expression!
[2023-03-16T11:52:16.801+0000] {subprocess.py:97} INFO - Command exited with return code 0
[2023-03-16T11:52:16.831+0000] {taskinstance.py:1326} INFO - Marking task as SUCCESS. dag_id=dag_with_cron_expression_v02, task_id=task1, execution_date=20230314T000000, start_date=20230316T115216, end_date=20230316T115216
[2023-03-16T11:52:16.879+0000] {local_task_job.py:212} INFO - Task exited with return code 0
[2023-03-16T11:52:16.898+0000] {taskinstance.py:2585} INFO - 0 downstream tasks scheduled from follow-on schedule check
