[2023-03-15T15:55:57.492+0000] {taskinstance.py:1084} INFO - Dependencies all met for dep_context=non-requeueable deps ti=<TaskInstance: dag_with_python_operator_v2.greet scheduled__2023-03-14T00:00:00+00:00 [queued]>
[2023-03-15T15:55:57.502+0000] {taskinstance.py:1084} INFO - Dependencies all met for dep_context=requeueable deps ti=<TaskInstance: dag_with_python_operator_v2.greet scheduled__2023-03-14T00:00:00+00:00 [queued]>
[2023-03-15T15:55:57.503+0000] {taskinstance.py:1282} INFO - 
--------------------------------------------------------------------------------
[2023-03-15T15:55:57.503+0000] {taskinstance.py:1283} INFO - Starting attempt 1 of 6
[2023-03-15T15:55:57.504+0000] {taskinstance.py:1284} INFO - 
--------------------------------------------------------------------------------
[2023-03-15T15:55:57.519+0000] {taskinstance.py:1303} INFO - Executing <Task(PythonOperator): greet> on 2023-03-14 00:00:00+00:00
[2023-03-15T15:55:57.523+0000] {standard_task_runner.py:55} INFO - Started process 3124 to run task
[2023-03-15T15:55:57.525+0000] {standard_task_runner.py:82} INFO - Running: ['***', 'tasks', 'run', 'dag_with_python_operator_v2', 'greet', 'scheduled__2023-03-14T00:00:00+00:00', '--job-id', '10', '--raw', '--subdir', 'DAGS_FOLDER/python_operator.py', '--cfg-path', '/tmp/tmp8dsawuz1']
[2023-03-15T15:55:57.527+0000] {standard_task_runner.py:83} INFO - Job 10: Subtask greet
[2023-03-15T15:55:57.591+0000] {task_command.py:388} INFO - Running <TaskInstance: dag_with_python_operator_v2.greet scheduled__2023-03-14T00:00:00+00:00 [running]> on host 37030803e983
[2023-03-15T15:55:57.663+0000] {taskinstance.py:1511} INFO - Exporting the following env vars:
AIRFLOW_CTX_DAG_OWNER=Mr.Phi
AIRFLOW_CTX_DAG_ID=dag_with_python_operator_v2
AIRFLOW_CTX_TASK_ID=greet
AIRFLOW_CTX_EXECUTION_DATE=2023-03-14T00:00:00+00:00
AIRFLOW_CTX_TRY_NUMBER=1
AIRFLOW_CTX_DAG_RUN_ID=scheduled__2023-03-14T00:00:00+00:00
[2023-03-15T15:55:57.664+0000] {logging_mixin.py:137} INFO - Hello World! My name is Tom, and I am 20
[2023-03-15T15:55:57.665+0000] {python.py:177} INFO - Done. Returned value was: None
[2023-03-15T15:55:57.674+0000] {taskinstance.py:1326} INFO - Marking task as SUCCESS. dag_id=dag_with_python_operator_v2, task_id=greet, execution_date=20230314T000000, start_date=20230315T155557, end_date=20230315T155557
[2023-03-15T15:55:57.697+0000] {local_task_job.py:212} INFO - Task exited with return code 0
[2023-03-15T15:55:57.716+0000] {taskinstance.py:2585} INFO - 0 downstream tasks scheduled from follow-on schedule check
