[2023-03-21T06:05:21.483+0000] {taskinstance.py:1084} INFO - Dependencies all met for dep_context=non-requeueable deps ti=<TaskInstance: dag_with_taskflow_api_v01.greet scheduled__2023-03-20T00:00:00+00:00 [queued]>
[2023-03-21T06:05:21.497+0000] {taskinstance.py:1084} INFO - Dependencies all met for dep_context=requeueable deps ti=<TaskInstance: dag_with_taskflow_api_v01.greet scheduled__2023-03-20T00:00:00+00:00 [queued]>
[2023-03-21T06:05:21.498+0000] {taskinstance.py:1282} INFO - 
--------------------------------------------------------------------------------
[2023-03-21T06:05:21.498+0000] {taskinstance.py:1283} INFO - Starting attempt 1 of 6
[2023-03-21T06:05:21.499+0000] {taskinstance.py:1284} INFO - 
--------------------------------------------------------------------------------
[2023-03-21T06:05:21.525+0000] {taskinstance.py:1303} INFO - Executing <Task(_PythonDecoratedOperator): greet> on 2023-03-20 00:00:00+00:00
[2023-03-21T06:05:21.529+0000] {standard_task_runner.py:55} INFO - Started process 229 to run task
[2023-03-21T06:05:21.533+0000] {standard_task_runner.py:82} INFO - Running: ['***', 'tasks', 'run', 'dag_with_taskflow_api_v01', 'greet', 'scheduled__2023-03-20T00:00:00+00:00', '--job-id', '247', '--raw', '--subdir', 'DAGS_FOLDER/taskflow_api.py', '--cfg-path', '/tmp/tmp2sl8w4qn']
[2023-03-21T06:05:21.535+0000] {standard_task_runner.py:83} INFO - Job 247: Subtask greet
[2023-03-21T06:05:21.633+0000] {task_command.py:388} INFO - Running <TaskInstance: dag_with_taskflow_api_v01.greet scheduled__2023-03-20T00:00:00+00:00 [running]> on host cfacfd39f993
[2023-03-21T06:05:21.760+0000] {taskinstance.py:1511} INFO - Exporting the following env vars:
AIRFLOW_CTX_DAG_OWNER=Phi_Nguyen
AIRFLOW_CTX_DAG_ID=dag_with_taskflow_api_v01
AIRFLOW_CTX_TASK_ID=greet
AIRFLOW_CTX_EXECUTION_DATE=2023-03-20T00:00:00+00:00
AIRFLOW_CTX_TRY_NUMBER=1
AIRFLOW_CTX_DAG_RUN_ID=scheduled__2023-03-20T00:00:00+00:00
[2023-03-21T06:05:21.761+0000] {logging_mixin.py:137} INFO - Hello this is Jerry and i am 19
[2023-03-21T06:05:21.762+0000] {python.py:177} INFO - Done. Returned value was: None
[2023-03-21T06:05:21.773+0000] {taskinstance.py:1326} INFO - Marking task as SUCCESS. dag_id=dag_with_taskflow_api_v01, task_id=greet, execution_date=20230320T000000, start_date=20230321T060521, end_date=20230321T060521
[2023-03-21T06:05:21.826+0000] {local_task_job.py:212} INFO - Task exited with return code 0
[2023-03-21T06:05:21.846+0000] {taskinstance.py:2585} INFO - 0 downstream tasks scheduled from follow-on schedule check
