[2023-03-16T11:32:34.020+0000] {taskinstance.py:1084} INFO - Dependencies all met for dep_context=non-requeueable deps ti=<TaskInstance: dag_with_catchup_and_backfill_v01.task1 scheduled__2023-03-14T00:00:00+00:00 [queued]>
[2023-03-16T11:32:34.041+0000] {taskinstance.py:1084} INFO - Dependencies all met for dep_context=requeueable deps ti=<TaskInstance: dag_with_catchup_and_backfill_v01.task1 scheduled__2023-03-14T00:00:00+00:00 [queued]>
[2023-03-16T11:32:34.042+0000] {taskinstance.py:1282} INFO - 
--------------------------------------------------------------------------------
[2023-03-16T11:32:34.042+0000] {taskinstance.py:1283} INFO - Starting attempt 1 of 6
[2023-03-16T11:32:34.043+0000] {taskinstance.py:1284} INFO - 
--------------------------------------------------------------------------------
[2023-03-16T11:32:34.086+0000] {taskinstance.py:1303} INFO - Executing <Task(BashOperator): task1> on 2023-03-14 00:00:00+00:00
[2023-03-16T11:32:34.094+0000] {standard_task_runner.py:55} INFO - Started process 508 to run task
[2023-03-16T11:32:34.100+0000] {standard_task_runner.py:82} INFO - Running: ['***', 'tasks', 'run', 'dag_with_catchup_and_backfill_v01', 'task1', 'scheduled__2023-03-14T00:00:00+00:00', '--job-id', '60', '--raw', '--subdir', 'DAGS_FOLDER/dag_with_catchup_and_backfill.py', '--cfg-path', '/tmp/tmplfab5bk_']
[2023-03-16T11:32:34.103+0000] {standard_task_runner.py:83} INFO - Job 60: Subtask task1
[2023-03-16T11:32:34.205+0000] {task_command.py:388} INFO - Running <TaskInstance: dag_with_catchup_and_backfill_v01.task1 scheduled__2023-03-14T00:00:00+00:00 [running]> on host d72d518b6bfe
[2023-03-16T11:32:34.308+0000] {taskinstance.py:1511} INFO - Exporting the following env vars:
AIRFLOW_CTX_DAG_OWNER=Phi Nguyen
AIRFLOW_CTX_DAG_ID=dag_with_catchup_and_backfill_v01
AIRFLOW_CTX_TASK_ID=task1
AIRFLOW_CTX_EXECUTION_DATE=2023-03-14T00:00:00+00:00
AIRFLOW_CTX_TRY_NUMBER=1
AIRFLOW_CTX_DAG_RUN_ID=scheduled__2023-03-14T00:00:00+00:00
[2023-03-16T11:32:34.310+0000] {subprocess.py:63} INFO - Tmp dir root location: 
 /tmp
[2023-03-16T11:32:34.311+0000] {subprocess.py:75} INFO - Running command: ['/bin/bash', '-c', 'echo This is a simple bash command!']
[2023-03-16T11:32:34.325+0000] {subprocess.py:86} INFO - Output:
[2023-03-16T11:32:34.327+0000] {subprocess.py:93} INFO - This is a simple bash command!
[2023-03-16T11:32:34.328+0000] {subprocess.py:97} INFO - Command exited with return code 0
[2023-03-16T11:32:34.365+0000] {taskinstance.py:1326} INFO - Marking task as SUCCESS. dag_id=dag_with_catchup_and_backfill_v01, task_id=task1, execution_date=20230314T000000, start_date=20230316T113234, end_date=20230316T113234
[2023-03-16T11:32:34.392+0000] {local_task_job.py:212} INFO - Task exited with return code 0
[2023-03-16T11:32:34.413+0000] {taskinstance.py:2585} INFO - 0 downstream tasks scheduled from follow-on schedule check
