[2023-03-16T11:54:48.128+0000] {taskinstance.py:1084} INFO - Dependencies all met for dep_context=non-requeueable deps ti=<TaskInstance: dag_with_cron_expression_v03.task1 scheduled__2023-03-13T00:00:00+00:00 [queued]>
[2023-03-16T11:54:48.150+0000] {taskinstance.py:1084} INFO - Dependencies all met for dep_context=requeueable deps ti=<TaskInstance: dag_with_cron_expression_v03.task1 scheduled__2023-03-13T00:00:00+00:00 [queued]>
[2023-03-16T11:54:48.151+0000] {taskinstance.py:1282} INFO - 
--------------------------------------------------------------------------------
[2023-03-16T11:54:48.153+0000] {taskinstance.py:1283} INFO - Starting attempt 1 of 6
[2023-03-16T11:54:48.155+0000] {taskinstance.py:1284} INFO - 
--------------------------------------------------------------------------------
[2023-03-16T11:54:48.197+0000] {taskinstance.py:1303} INFO - Executing <Task(BashOperator): task1> on 2023-03-13 00:00:00+00:00
[2023-03-16T11:54:48.202+0000] {standard_task_runner.py:55} INFO - Started process 2002 to run task
[2023-03-16T11:54:48.207+0000] {standard_task_runner.py:82} INFO - Running: ['***', 'tasks', 'run', 'dag_with_cron_expression_v03', 'task1', 'scheduled__2023-03-13T00:00:00+00:00', '--job-id', '79', '--raw', '--subdir', 'DAGS_FOLDER/dag_with_cron_expression.py', '--cfg-path', '/tmp/tmpauq5o3s7']
[2023-03-16T11:54:48.210+0000] {standard_task_runner.py:83} INFO - Job 79: Subtask task1
[2023-03-16T11:54:48.296+0000] {task_command.py:388} INFO - Running <TaskInstance: dag_with_cron_expression_v03.task1 scheduled__2023-03-13T00:00:00+00:00 [running]> on host d72d518b6bfe
[2023-03-16T11:54:48.412+0000] {taskinstance.py:1511} INFO - Exporting the following env vars:
AIRFLOW_CTX_DAG_OWNER=Phi Nguyen
AIRFLOW_CTX_DAG_ID=dag_with_cron_expression_v03
AIRFLOW_CTX_TASK_ID=task1
AIRFLOW_CTX_EXECUTION_DATE=2023-03-13T00:00:00+00:00
AIRFLOW_CTX_TRY_NUMBER=1
AIRFLOW_CTX_DAG_RUN_ID=scheduled__2023-03-13T00:00:00+00:00
[2023-03-16T11:54:48.414+0000] {subprocess.py:63} INFO - Tmp dir root location: 
 /tmp
[2023-03-16T11:54:48.415+0000] {subprocess.py:75} INFO - Running command: ['/bin/bash', '-c', 'echo This is dag with cron expression!']
[2023-03-16T11:54:48.426+0000] {subprocess.py:86} INFO - Output:
[2023-03-16T11:54:48.430+0000] {subprocess.py:93} INFO - This is dag with cron expression!
[2023-03-16T11:54:48.431+0000] {subprocess.py:97} INFO - Command exited with return code 0
[2023-03-16T11:54:48.463+0000] {taskinstance.py:1326} INFO - Marking task as SUCCESS. dag_id=dag_with_cron_expression_v03, task_id=task1, execution_date=20230313T000000, start_date=20230316T115448, end_date=20230316T115448
[2023-03-16T11:54:48.500+0000] {local_task_job.py:212} INFO - Task exited with return code 0
[2023-03-16T11:54:48.519+0000] {taskinstance.py:2585} INFO - 0 downstream tasks scheduled from follow-on schedule check
