[2023-03-15T15:18:33.247+0000] {taskinstance.py:1084} INFO - Dependencies all met for dep_context=non-requeueable deps ti=<TaskInstance: phi_first_dag_v3.third_task manual__2023-03-15T15:18:31.494580+00:00 [queued]>
[2023-03-15T15:18:33.257+0000] {taskinstance.py:1084} INFO - Dependencies all met for dep_context=requeueable deps ti=<TaskInstance: phi_first_dag_v3.third_task manual__2023-03-15T15:18:31.494580+00:00 [queued]>
[2023-03-15T15:18:33.258+0000] {taskinstance.py:1282} INFO - 
--------------------------------------------------------------------------------
[2023-03-15T15:18:33.258+0000] {taskinstance.py:1283} INFO - Starting attempt 1 of 6
[2023-03-15T15:18:33.259+0000] {taskinstance.py:1284} INFO - 
--------------------------------------------------------------------------------
[2023-03-15T15:18:33.275+0000] {taskinstance.py:1303} INFO - Executing <Task(BashOperator): third_task> on 2023-03-15 15:18:31.494580+00:00
[2023-03-15T15:18:33.279+0000] {standard_task_runner.py:55} INFO - Started process 2102 to run task
[2023-03-15T15:18:33.281+0000] {standard_task_runner.py:82} INFO - Running: ['***', 'tasks', 'run', 'phi_first_dag_v3', 'third_task', 'manual__2023-03-15T15:18:31.494580+00:00', '--job-id', '8', '--raw', '--subdir', 'DAGS_FOLDER/phi_first_dag.py', '--cfg-path', '/tmp/tmpeummne7i']
[2023-03-15T15:18:33.283+0000] {standard_task_runner.py:83} INFO - Job 8: Subtask third_task
[2023-03-15T15:18:33.342+0000] {task_command.py:388} INFO - Running <TaskInstance: phi_first_dag_v3.third_task manual__2023-03-15T15:18:31.494580+00:00 [running]> on host 37030803e983
[2023-03-15T15:18:33.415+0000] {taskinstance.py:1511} INFO - Exporting the following env vars:
AIRFLOW_CTX_DAG_OWNER=Mr.Phi
AIRFLOW_CTX_DAG_ID=phi_first_dag_v3
AIRFLOW_CTX_TASK_ID=third_task
AIRFLOW_CTX_EXECUTION_DATE=2023-03-15T15:18:31.494580+00:00
AIRFLOW_CTX_TRY_NUMBER=1
AIRFLOW_CTX_DAG_RUN_ID=manual__2023-03-15T15:18:31.494580+00:00
[2023-03-15T15:18:33.417+0000] {subprocess.py:63} INFO - Tmp dir root location: 
 /tmp
[2023-03-15T15:18:33.418+0000] {subprocess.py:75} INFO - Running command: ['/bin/bash', '-c', 'echo this is task 3']
[2023-03-15T15:18:33.424+0000] {subprocess.py:86} INFO - Output:
[2023-03-15T15:18:33.425+0000] {subprocess.py:93} INFO - this is task 3
[2023-03-15T15:18:33.426+0000] {subprocess.py:97} INFO - Command exited with return code 0
[2023-03-15T15:18:33.451+0000] {taskinstance.py:1326} INFO - Marking task as SUCCESS. dag_id=phi_first_dag_v3, task_id=third_task, execution_date=20230315T151831, start_date=20230315T151833, end_date=20230315T151833
[2023-03-15T15:18:33.494+0000] {local_task_job.py:212} INFO - Task exited with return code 0
[2023-03-15T15:18:33.523+0000] {taskinstance.py:2585} INFO - 0 downstream tasks scheduled from follow-on schedule check
