[2023-03-15T13:28:44.114+0000] {taskinstance.py:1084} INFO - Dependencies all met for dep_context=non-requeueable deps ti=<TaskInstance: example_bash_operator.runme_0 scheduled__2023-03-14T00:00:00+00:00 [queued]>
[2023-03-15T13:28:44.128+0000] {taskinstance.py:1084} INFO - Dependencies all met for dep_context=requeueable deps ti=<TaskInstance: example_bash_operator.runme_0 scheduled__2023-03-14T00:00:00+00:00 [queued]>
[2023-03-15T13:28:44.128+0000] {taskinstance.py:1282} INFO - 
--------------------------------------------------------------------------------
[2023-03-15T13:28:44.128+0000] {taskinstance.py:1283} INFO - Starting attempt 1 of 1
[2023-03-15T13:28:44.129+0000] {taskinstance.py:1284} INFO - 
--------------------------------------------------------------------------------
[2023-03-15T13:28:44.149+0000] {taskinstance.py:1303} INFO - Executing <Task(BashOperator): runme_0> on 2023-03-14 00:00:00+00:00
[2023-03-15T13:28:44.154+0000] {standard_task_runner.py:55} INFO - Started process 23628 to run task
[2023-03-15T13:28:44.160+0000] {standard_task_runner.py:82} INFO - Running: ['***', 'tasks', 'run', 'example_bash_operator', 'runme_0', 'scheduled__2023-03-14T00:00:00+00:00', '--job-id', '5', '--raw', '--subdir', '/home/***/.local/lib/python3.7/site-packages/***/example_dags/example_bash_operator.py', '--cfg-path', '/tmp/tmp61tek_4x']
[2023-03-15T13:28:44.161+0000] {standard_task_runner.py:83} INFO - Job 5: Subtask runme_0
[2023-03-15T13:28:44.249+0000] {task_command.py:388} INFO - Running <TaskInstance: example_bash_operator.runme_0 scheduled__2023-03-14T00:00:00+00:00 [running]> on host 3fa116d1453f
[2023-03-15T13:28:44.350+0000] {taskinstance.py:1511} INFO - Exporting the following env vars:
AIRFLOW_CTX_DAG_OWNER=***
AIRFLOW_CTX_DAG_ID=example_bash_operator
AIRFLOW_CTX_TASK_ID=runme_0
AIRFLOW_CTX_EXECUTION_DATE=2023-03-14T00:00:00+00:00
AIRFLOW_CTX_TRY_NUMBER=1
AIRFLOW_CTX_DAG_RUN_ID=scheduled__2023-03-14T00:00:00+00:00
[2023-03-15T13:28:44.355+0000] {subprocess.py:63} INFO - Tmp dir root location: 
 /tmp
[2023-03-15T13:28:44.356+0000] {subprocess.py:75} INFO - Running command: ['/bin/bash', '-c', 'echo "example_bash_operator__runme_0__20230314" && sleep 1']
[2023-03-15T13:28:44.366+0000] {subprocess.py:86} INFO - Output:
[2023-03-15T13:28:44.369+0000] {subprocess.py:93} INFO - example_bash_operator__runme_0__20230314
[2023-03-15T13:28:45.371+0000] {subprocess.py:97} INFO - Command exited with return code 0
[2023-03-15T13:28:45.397+0000] {taskinstance.py:1326} INFO - Marking task as SUCCESS. dag_id=example_bash_operator, task_id=runme_0, execution_date=20230314T000000, start_date=20230315T132844, end_date=20230315T132845
[2023-03-15T13:28:45.456+0000] {local_task_job.py:212} INFO - Task exited with return code 0
[2023-03-15T13:28:45.476+0000] {taskinstance.py:2585} INFO - 0 downstream tasks scheduled from follow-on schedule check
