[2023-03-16T09:37:10.649+0000] {taskinstance.py:1084} INFO - Dependencies all met for dep_context=non-requeueable deps ti=<TaskInstance: dag_with_python_operator_v4.greet scheduled__2023-03-14T00:00:00+00:00 [queued]>
[2023-03-16T09:37:10.660+0000] {taskinstance.py:1084} INFO - Dependencies all met for dep_context=requeueable deps ti=<TaskInstance: dag_with_python_operator_v4.greet scheduled__2023-03-14T00:00:00+00:00 [queued]>
[2023-03-16T09:37:10.661+0000] {taskinstance.py:1282} INFO - 
--------------------------------------------------------------------------------
[2023-03-16T09:37:10.661+0000] {taskinstance.py:1283} INFO - Starting attempt 2 of 6
[2023-03-16T09:37:10.662+0000] {taskinstance.py:1284} INFO - 
--------------------------------------------------------------------------------
[2023-03-16T09:37:10.679+0000] {taskinstance.py:1303} INFO - Executing <Task(PythonOperator): greet> on 2023-03-14 00:00:00+00:00
[2023-03-16T09:37:10.682+0000] {standard_task_runner.py:55} INFO - Started process 1141 to run task
[2023-03-16T09:37:10.685+0000] {standard_task_runner.py:82} INFO - Running: ['***', 'tasks', 'run', 'dag_with_python_operator_v4', 'greet', 'scheduled__2023-03-14T00:00:00+00:00', '--job-id', '27', '--raw', '--subdir', 'DAGS_FOLDER/python_operator.py', '--cfg-path', '/tmp/tmpi36j1nhv']
[2023-03-16T09:37:10.687+0000] {standard_task_runner.py:83} INFO - Job 27: Subtask greet
[2023-03-16T09:37:10.757+0000] {task_command.py:388} INFO - Running <TaskInstance: dag_with_python_operator_v4.greet scheduled__2023-03-14T00:00:00+00:00 [running]> on host c3799dfdd69d
[2023-03-16T09:37:10.835+0000] {taskinstance.py:1511} INFO - Exporting the following env vars:
AIRFLOW_CTX_DAG_OWNER=Mr.Phi
AIRFLOW_CTX_DAG_ID=dag_with_python_operator_v4
AIRFLOW_CTX_TASK_ID=greet
AIRFLOW_CTX_EXECUTION_DATE=2023-03-14T00:00:00+00:00
AIRFLOW_CTX_TRY_NUMBER=2
AIRFLOW_CTX_DAG_RUN_ID=scheduled__2023-03-14T00:00:00+00:00
[2023-03-16T09:37:10.848+0000] {logging_mixin.py:137} INFO - Hello World! My name is Jerry, and I am 20
[2023-03-16T09:37:10.848+0000] {python.py:177} INFO - Done. Returned value was: None
[2023-03-16T09:37:10.858+0000] {taskinstance.py:1326} INFO - Marking task as SUCCESS. dag_id=dag_with_python_operator_v4, task_id=greet, execution_date=20230314T000000, start_date=20230316T093710, end_date=20230316T093710
[2023-03-16T09:37:10.898+0000] {local_task_job.py:212} INFO - Task exited with return code 0
[2023-03-16T09:37:10.917+0000] {taskinstance.py:2585} INFO - 0 downstream tasks scheduled from follow-on schedule check
